{"level":"info","message":"Client Connected: nu40eN0r7-2P6ltzAAAT, User: 6967516ca27f4091a38fdc6e","timestamp":"2026-01-14T16:04:45.484Z"}
{"level":"info","message":"Client Connected: T2xpXIhmOyG1LvRFAAAW, User: 6967516ca27f4091a38fdc6e","timestamp":"2026-01-14T16:05:05.806Z"}
{"level":"info","message":"Client Connected: NcA_ByJo2Frm5T2_AAAZ, User: 6967516ca27f4091a38fdc6e","timestamp":"2026-01-14T16:06:18.183Z"}
{"level":"info","message":"✅ Database connected successfully","timestamp":"2026-01-14T16:11:02.058Z"}
{"level":"info","message":"Email queue initialized - emails will be sent directly","timestamp":"2026-01-14T16:11:02.060Z"}
{"level":"info","message":"Server is running on port 4000","timestamp":"2026-01-14T16:11:02.141Z"}
{"level":"info","message":"Client Connected: 7n4LuVc2SqUuD9deAAAB, User: 69673ec29b63259c6df8a040","timestamp":"2026-01-14T16:11:06.946Z"}
{"level":"info","message":"[getAvailableServiceRequests] User: 69673ec29b63259c6df8a040 (Jovann Rolluque), Role: Service Provider","timestamp":"2026-01-14T16:11:07.089Z"}
{"level":"info","message":"[getAvailableServiceRequests] Params: useRecommendations=true, limit=10000, page=1","timestamp":"2026-01-14T16:11:07.090Z"}
{"level":"info","message":"[getAvailableServiceRequests] shouldUseRecommendations=true","timestamp":"2026-01-14T16:11:07.091Z"}
{"level":"info","message":"[getAvailableServiceRequests] Worker profile loaded: skills=[\"Plumbing\",\"Bathroom Plumbing\",\"Pipe Installation\",\"Electrical Work\",\"House Cleaning\",\"Carpentry\",\"Exterior Painting\",\"Masonry\",\"Welding\"], occupation=","timestamp":"2026-01-14T16:11:07.133Z"}
{"level":"info","message":"Querying service requests for provider 69673ec29b63259c6df8a040 with 9 patterns","timestamp":"2026-01-14T16:11:07.137Z"}
{"level":"info","message":"Found 3 total service requests for provider","timestamp":"2026-01-14T16:11:07.212Z"}
{"level":"info","message":"Recommended 3 of 3 matching requests to provider 69673ec29b63259c6df8a040","timestamp":"2026-01-14T16:11:07.252Z"}
{"level":"info","message":"[getAvailableServiceRequests] Recommendation engine returned 3 requests","timestamp":"2026-01-14T16:11:07.253Z"}
{"level":"info","message":"[getAvailableServiceRequests] User: 69673ec29b63259c6df8a040 (Jovann Rolluque), Role: Service Provider","timestamp":"2026-01-14T16:11:07.341Z"}
{"level":"info","message":"[getAvailableServiceRequests] Params: useRecommendations=true, limit=10000, page=1","timestamp":"2026-01-14T16:11:07.344Z"}
{"level":"info","message":"[getAvailableServiceRequests] shouldUseRecommendations=true","timestamp":"2026-01-14T16:11:07.345Z"}
{"level":"info","message":"[getAvailableServiceRequests] Worker profile loaded: skills=[\"Plumbing\",\"Bathroom Plumbing\",\"Pipe Installation\",\"Electrical Work\",\"House Cleaning\",\"Carpentry\",\"Exterior Painting\",\"Masonry\",\"Welding\"], occupation=","timestamp":"2026-01-14T16:11:07.362Z"}
{"level":"info","message":"Querying service requests for provider 69673ec29b63259c6df8a040 with 9 patterns","timestamp":"2026-01-14T16:11:07.364Z"}
{"level":"info","message":"Found 3 total service requests for provider","timestamp":"2026-01-14T16:11:07.404Z"}
{"level":"info","message":"Recommended 3 of 3 matching requests to provider 69673ec29b63259c6df8a040","timestamp":"2026-01-14T16:11:07.455Z"}
{"level":"info","message":"[getAvailableServiceRequests] Recommendation engine returned 3 requests","timestamp":"2026-01-14T16:11:07.457Z"}
{"level":"info","message":"[getAvailableServiceRequests] User: 69673ec29b63259c6df8a040 (Jovann Rolluque), Role: Service Provider","timestamp":"2026-01-14T16:11:07.514Z"}
{"level":"info","message":"[getAvailableServiceRequests] Params: useRecommendations=true, limit=10000, page=1","timestamp":"2026-01-14T16:11:07.515Z"}
{"level":"info","message":"[getAvailableServiceRequests] shouldUseRecommendations=true","timestamp":"2026-01-14T16:11:07.515Z"}
{"level":"info","message":"[getAvailableServiceRequests] Worker profile loaded: skills=[\"Plumbing\",\"Bathroom Plumbing\",\"Pipe Installation\",\"Electrical Work\",\"House Cleaning\",\"Carpentry\",\"Exterior Painting\",\"Masonry\",\"Welding\"], occupation=","timestamp":"2026-01-14T16:11:07.530Z"}
{"level":"info","message":"Querying service requests for provider 69673ec29b63259c6df8a040 with 9 patterns","timestamp":"2026-01-14T16:11:07.532Z"}
{"level":"info","message":"Found 3 total service requests for provider","timestamp":"2026-01-14T16:11:07.561Z"}
{"level":"info","message":"Recommended 3 of 3 matching requests to provider 69673ec29b63259c6df8a040","timestamp":"2026-01-14T16:11:07.589Z"}
{"level":"info","message":"[getAvailableServiceRequests] Recommendation engine returned 3 requests","timestamp":"2026-01-14T16:11:07.590Z"}
{"level":"info","message":"[getAvailableServiceRequests] User: 69673ec29b63259c6df8a040 (Jovann Rolluque), Role: Service Provider","timestamp":"2026-01-14T16:11:07.621Z"}
{"level":"info","message":"[getAvailableServiceRequests] Params: useRecommendations=true, limit=10000, page=1","timestamp":"2026-01-14T16:11:07.621Z"}
{"level":"info","message":"[getAvailableServiceRequests] shouldUseRecommendations=true","timestamp":"2026-01-14T16:11:07.622Z"}
{"level":"info","message":"[getAvailableServiceRequests] Worker profile loaded: skills=[\"Plumbing\",\"Bathroom Plumbing\",\"Pipe Installation\",\"Electrical Work\",\"House Cleaning\",\"Carpentry\",\"Exterior Painting\",\"Masonry\",\"Welding\"], occupation=","timestamp":"2026-01-14T16:11:07.652Z"}
{"level":"info","message":"Querying service requests for provider 69673ec29b63259c6df8a040 with 9 patterns","timestamp":"2026-01-14T16:11:07.653Z"}
{"level":"info","message":"Found 3 total service requests for provider","timestamp":"2026-01-14T16:11:07.669Z"}
{"level":"info","message":"Recommended 3 of 3 matching requests to provider 69673ec29b63259c6df8a040","timestamp":"2026-01-14T16:11:07.678Z"}
{"level":"info","message":"[getAvailableServiceRequests] Recommendation engine returned 3 requests","timestamp":"2026-01-14T16:11:07.682Z"}
{"level":"info","message":"Client Connected: ffypNvQliD89PCK0AAAE, User: 69673ec29b63259c6df8a040","timestamp":"2026-01-14T16:12:37.496Z"}
{"level":"info","message":"[getAvailableServiceRequests] User: 69673ec29b63259c6df8a040 (Jovann Rolluque), Role: Service Provider","timestamp":"2026-01-14T16:12:37.625Z"}
{"level":"info","message":"[getAvailableServiceRequests] Params: useRecommendations=true, limit=10000, page=1","timestamp":"2026-01-14T16:12:37.626Z"}
{"level":"info","message":"[getAvailableServiceRequests] shouldUseRecommendations=true","timestamp":"2026-01-14T16:12:37.626Z"}
{"level":"info","message":"[getAvailableServiceRequests] Worker profile loaded: skills=[\"Plumbing\",\"Bathroom Plumbing\",\"Pipe Installation\",\"Electrical Work\",\"House Cleaning\",\"Carpentry\",\"Exterior Painting\",\"Masonry\",\"Welding\"], occupation=","timestamp":"2026-01-14T16:12:37.658Z"}
{"level":"info","message":"Querying service requests for provider 69673ec29b63259c6df8a040 with 9 patterns","timestamp":"2026-01-14T16:12:37.659Z"}
{"level":"info","message":"Found 3 total service requests for provider","timestamp":"2026-01-14T16:12:37.705Z"}
{"level":"info","message":"Recommended 3 of 3 matching requests to provider 69673ec29b63259c6df8a040","timestamp":"2026-01-14T16:12:37.745Z"}
{"level":"info","message":"[getAvailableServiceRequests] Recommendation engine returned 3 requests","timestamp":"2026-01-14T16:12:37.745Z"}
{"level":"info","message":"[getAvailableServiceRequests] User: 69673ec29b63259c6df8a040 (Jovann Rolluque), Role: Service Provider","timestamp":"2026-01-14T16:12:37.787Z"}
{"level":"info","message":"[getAvailableServiceRequests] Params: useRecommendations=true, limit=10000, page=1","timestamp":"2026-01-14T16:12:37.788Z"}
{"level":"info","message":"[getAvailableServiceRequests] shouldUseRecommendations=true","timestamp":"2026-01-14T16:12:37.788Z"}
{"level":"info","message":"[getAvailableServiceRequests] Worker profile loaded: skills=[\"Plumbing\",\"Bathroom Plumbing\",\"Pipe Installation\",\"Electrical Work\",\"House Cleaning\",\"Carpentry\",\"Exterior Painting\",\"Masonry\",\"Welding\"], occupation=","timestamp":"2026-01-14T16:12:37.801Z"}
{"level":"info","message":"Querying service requests for provider 69673ec29b63259c6df8a040 with 9 patterns","timestamp":"2026-01-14T16:12:37.803Z"}
{"level":"info","message":"Found 3 total service requests for provider","timestamp":"2026-01-14T16:12:37.819Z"}
{"level":"info","message":"Recommended 3 of 3 matching requests to provider 69673ec29b63259c6df8a040","timestamp":"2026-01-14T16:12:37.839Z"}
{"level":"info","message":"[getAvailableServiceRequests] Recommendation engine returned 3 requests","timestamp":"2026-01-14T16:12:37.850Z"}
{"level":"info","message":"✅ Database connected successfully","timestamp":"2026-01-14T16:16:53.564Z"}
{"level":"info","message":"Email queue initialized - emails will be sent directly","timestamp":"2026-01-14T16:16:53.566Z"}
{"level":"info","message":"Server is running on port 4000","timestamp":"2026-01-14T16:16:53.628Z"}
{"level":"info","message":"Client Connected: aqSmaxeYCzGKFpc_AAAB, User: 69673ec29b63259c6df8a040","timestamp":"2026-01-14T16:16:54.814Z"}
{"level":"info","message":"[getAvailableServiceRequests] User: 69673ec29b63259c6df8a040 (Jovann Rolluque), Role: Service Provider","timestamp":"2026-01-14T16:17:43.414Z"}
{"level":"info","message":"[getAvailableServiceRequests] Params: useRecommendations=true, limit=10000, page=1","timestamp":"2026-01-14T16:17:43.416Z"}
{"level":"info","message":"[getAvailableServiceRequests] shouldUseRecommendations=true","timestamp":"2026-01-14T16:17:43.417Z"}
{"level":"info","message":"[getAvailableServiceRequests] Worker profile loaded: skills=[\"Plumbing\",\"Bathroom Plumbing\",\"Pipe Installation\",\"Electrical Work\",\"House Cleaning\",\"Carpentry\",\"Exterior Painting\",\"Masonry\",\"Welding\"], occupation=","timestamp":"2026-01-14T16:17:43.426Z"}
{"level":"info","message":"Querying service requests for provider 69673ec29b63259c6df8a040 with 9 patterns","timestamp":"2026-01-14T16:17:43.429Z"}
{"level":"info","message":"Found 3 total service requests for provider","timestamp":"2026-01-14T16:17:43.446Z"}
{"level":"info","message":"Recommended 3 of 3 matching requests to provider 69673ec29b63259c6df8a040","timestamp":"2026-01-14T16:17:43.457Z"}
{"level":"info","message":"[getAvailableServiceRequests] Recommendation engine returned 3 requests","timestamp":"2026-01-14T16:17:43.459Z"}
{"level":"info","message":"[getAvailableServiceRequests] User: 69673ec29b63259c6df8a040 (Jovann Rolluque), Role: Service Provider","timestamp":"2026-01-14T16:18:11.009Z"}
{"level":"info","message":"[getAvailableServiceRequests] Params: useRecommendations=true, limit=10000, page=1","timestamp":"2026-01-14T16:18:11.013Z"}
{"level":"info","message":"[getAvailableServiceRequests] shouldUseRecommendations=true","timestamp":"2026-01-14T16:18:11.015Z"}
{"level":"info","message":"[getAvailableServiceRequests] Worker profile loaded: skills=[\"Plumbing\",\"Bathroom Plumbing\",\"Pipe Installation\",\"Electrical Work\",\"House Cleaning\",\"Carpentry\",\"Exterior Painting\",\"Masonry\",\"Welding\"], occupation=","timestamp":"2026-01-14T16:18:11.022Z"}
{"level":"info","message":"Querying service requests for provider 69673ec29b63259c6df8a040 with 9 patterns","timestamp":"2026-01-14T16:18:11.024Z"}
{"level":"info","message":"Found 3 total service requests for provider","timestamp":"2026-01-14T16:18:11.038Z"}
{"level":"info","message":"Recommended 3 of 3 matching requests to provider 69673ec29b63259c6df8a040","timestamp":"2026-01-14T16:18:11.048Z"}
{"level":"info","message":"[getAvailableServiceRequests] Recommendation engine returned 3 requests","timestamp":"2026-01-14T16:18:11.050Z"}
{"level":"info","message":"[getAvailableServiceRequests] User: 69673ec29b63259c6df8a040 (Jovann Rolluque), Role: Service Provider","timestamp":"2026-01-14T16:18:13.415Z"}
{"level":"info","message":"[getAvailableServiceRequests] Params: useRecommendations=true, limit=10000, page=1","timestamp":"2026-01-14T16:18:13.416Z"}
{"level":"info","message":"[getAvailableServiceRequests] shouldUseRecommendations=true","timestamp":"2026-01-14T16:18:13.417Z"}
{"level":"info","message":"[getAvailableServiceRequests] Worker profile loaded: skills=[\"Plumbing\",\"Bathroom Plumbing\",\"Pipe Installation\",\"Electrical Work\",\"House Cleaning\",\"Carpentry\",\"Exterior Painting\",\"Masonry\",\"Welding\"], occupation=","timestamp":"2026-01-14T16:18:13.427Z"}
{"level":"info","message":"Querying service requests for provider 69673ec29b63259c6df8a040 with 9 patterns","timestamp":"2026-01-14T16:18:13.432Z"}
{"level":"info","message":"Found 3 total service requests for provider","timestamp":"2026-01-14T16:18:13.446Z"}
{"level":"info","message":"Recommended 3 of 3 matching requests to provider 69673ec29b63259c6df8a040","timestamp":"2026-01-14T16:18:13.453Z"}
{"level":"info","message":"[getAvailableServiceRequests] Recommendation engine returned 3 requests","timestamp":"2026-01-14T16:18:13.454Z"}
{"level":"info","message":"Client Connected: 84EOXd7yvrhwJ7t1AAAE, User: 69673ec29b63259c6df8a040","timestamp":"2026-01-14T16:18:22.867Z"}
{"level":"info","message":"[getAvailableServiceRequests] User: 69673ec29b63259c6df8a040 (Jovann Rolluque), Role: Service Provider","timestamp":"2026-01-14T16:18:23.020Z"}
{"level":"info","message":"[getAvailableServiceRequests] Params: useRecommendations=true, limit=10000, page=1","timestamp":"2026-01-14T16:18:23.021Z"}
{"level":"info","message":"[getAvailableServiceRequests] shouldUseRecommendations=true","timestamp":"2026-01-14T16:18:23.021Z"}
{"level":"info","message":"[getAvailableServiceRequests] Worker profile loaded: skills=[\"Plumbing\",\"Bathroom Plumbing\",\"Pipe Installation\",\"Electrical Work\",\"House Cleaning\",\"Carpentry\",\"Exterior Painting\",\"Masonry\",\"Welding\"], occupation=","timestamp":"2026-01-14T16:18:23.040Z"}
{"level":"info","message":"Querying service requests for provider 69673ec29b63259c6df8a040 with 9 patterns","timestamp":"2026-01-14T16:18:23.041Z"}
{"level":"info","message":"Found 3 total service requests for provider","timestamp":"2026-01-14T16:18:23.079Z"}
{"level":"info","message":"Recommended 3 of 3 matching requests to provider 69673ec29b63259c6df8a040","timestamp":"2026-01-14T16:18:23.099Z"}
{"level":"info","message":"[getAvailableServiceRequests] Recommendation engine returned 3 requests","timestamp":"2026-01-14T16:18:23.100Z"}
{"level":"info","message":"[getAvailableServiceRequests] User: 69673ec29b63259c6df8a040 (Jovann Rolluque), Role: Service Provider","timestamp":"2026-01-14T16:18:23.156Z"}
{"level":"info","message":"[getAvailableServiceRequests] Params: useRecommendations=true, limit=10000, page=1","timestamp":"2026-01-14T16:18:23.157Z"}
{"level":"info","message":"[getAvailableServiceRequests] shouldUseRecommendations=true","timestamp":"2026-01-14T16:18:23.158Z"}
{"level":"info","message":"[getAvailableServiceRequests] Worker profile loaded: skills=[\"Plumbing\",\"Bathroom Plumbing\",\"Pipe Installation\",\"Electrical Work\",\"House Cleaning\",\"Carpentry\",\"Exterior Painting\",\"Masonry\",\"Welding\"], occupation=","timestamp":"2026-01-14T16:18:23.210Z"}
{"level":"info","message":"Querying service requests for provider 69673ec29b63259c6df8a040 with 9 patterns","timestamp":"2026-01-14T16:18:23.211Z"}
{"level":"info","message":"Found 3 total service requests for provider","timestamp":"2026-01-14T16:18:23.242Z"}
{"level":"info","message":"Recommended 3 of 3 matching requests to provider 69673ec29b63259c6df8a040","timestamp":"2026-01-14T16:18:23.252Z"}
{"level":"info","message":"[getAvailableServiceRequests] Recommendation engine returned 3 requests","timestamp":"2026-01-14T16:18:23.254Z"}
{"level":"info","message":"✅ Database connected successfully","timestamp":"2026-01-14T16:19:31.049Z"}
{"level":"info","message":"Email queue initialized - emails will be sent directly","timestamp":"2026-01-14T16:19:31.052Z"}
{"level":"info","message":"Server is running on port 4000","timestamp":"2026-01-14T16:19:31.124Z"}
{"level":"info","message":"Client Connected: shSkigvCGZFSV6n6AAAB, User: 69673ec29b63259c6df8a040","timestamp":"2026-01-14T16:19:32.798Z"}
{"level":"info","message":"✅ Database connected successfully","timestamp":"2026-01-14T16:19:44.611Z"}
{"level":"info","message":"Email queue initialized - emails will be sent directly","timestamp":"2026-01-14T16:19:44.614Z"}
{"level":"info","message":"Server is running on port 4000","timestamp":"2026-01-14T16:19:44.679Z"}
{"level":"info","message":"Client Connected: cMihtyKoVvkcwfyTAAAB, User: 69673ec29b63259c6df8a040","timestamp":"2026-01-14T16:19:44.765Z"}
{"level":"info","message":"✅ Database connected successfully","timestamp":"2026-01-14T16:20:33.616Z"}
{"level":"info","message":"Email queue initialized - emails will be sent directly","timestamp":"2026-01-14T16:20:33.619Z"}
{"level":"info","message":"Server is running on port 4000","timestamp":"2026-01-14T16:20:33.687Z"}
{"level":"info","message":"Client Connected: rp3S4Z1v2xDjLCZxAAAB, User: 69673ec29b63259c6df8a040","timestamp":"2026-01-14T16:20:35.778Z"}
{"level":"info","message":"Client Connected: Vx7PUQheObCYA_1jAAAE, User: 69673ec29b63259c6df8a040","timestamp":"2026-01-14T16:24:47.920Z"}
{"level":"info","message":"[getAvailableServiceRequests] User: 69673ec29b63259c6df8a040 (Jovann Rolluque), Role: Service Provider","timestamp":"2026-01-14T16:24:48.078Z"}
{"level":"info","message":"[getAvailableServiceRequests] Params: useRecommendations=true, limit=10000, page=1","timestamp":"2026-01-14T16:24:48.079Z"}
{"level":"info","message":"[getAvailableServiceRequests] shouldUseRecommendations=true","timestamp":"2026-01-14T16:24:48.080Z"}
{"level":"info","message":"[getAvailableServiceRequests] Worker profile loaded: skills=[\"Plumbing\",\"Bathroom Plumbing\",\"Pipe Installation\",\"Electrical Work\",\"House Cleaning\",\"Carpentry\",\"Exterior Painting\",\"Masonry\",\"Welding\"], occupation=","timestamp":"2026-01-14T16:24:48.101Z"}
{"level":"info","message":"Querying service requests for provider 69673ec29b63259c6df8a040 with 9 patterns","timestamp":"2026-01-14T16:24:48.105Z"}
{"level":"info","message":"Found 3 total service requests for provider","timestamp":"2026-01-14T16:24:48.141Z"}
{"level":"info","message":"Recommended 3 of 3 matching requests to provider 69673ec29b63259c6df8a040","timestamp":"2026-01-14T16:24:48.177Z"}
{"level":"info","message":"[getAvailableServiceRequests] Recommendation engine returned 3 requests","timestamp":"2026-01-14T16:24:48.178Z"}
{"level":"info","message":"[getAvailableServiceRequests] User: 69673ec29b63259c6df8a040 (Jovann Rolluque), Role: Service Provider","timestamp":"2026-01-14T16:24:48.221Z"}
{"level":"info","message":"[getAvailableServiceRequests] Params: useRecommendations=true, limit=10000, page=1","timestamp":"2026-01-14T16:24:48.222Z"}
{"level":"info","message":"[getAvailableServiceRequests] shouldUseRecommendations=true","timestamp":"2026-01-14T16:24:48.223Z"}
{"level":"info","message":"[getAvailableServiceRequests] Worker profile loaded: skills=[\"Plumbing\",\"Bathroom Plumbing\",\"Pipe Installation\",\"Electrical Work\",\"House Cleaning\",\"Carpentry\",\"Exterior Painting\",\"Masonry\",\"Welding\"], occupation=","timestamp":"2026-01-14T16:24:48.243Z"}
{"level":"info","message":"Querying service requests for provider 69673ec29b63259c6df8a040 with 9 patterns","timestamp":"2026-01-14T16:24:48.246Z"}
{"level":"info","message":"Found 3 total service requests for provider","timestamp":"2026-01-14T16:24:48.283Z"}
{"level":"info","message":"Recommended 3 of 3 matching requests to provider 69673ec29b63259c6df8a040","timestamp":"2026-01-14T16:24:48.301Z"}
{"level":"info","message":"[getAvailableServiceRequests] Recommendation engine returned 3 requests","timestamp":"2026-01-14T16:24:48.301Z"}
{"level":"info","message":"[getAvailableServiceRequests] User: 69673ec29b63259c6df8a040 (Jovann Rolluque), Role: Service Provider","timestamp":"2026-01-14T16:26:37.427Z"}
{"level":"info","message":"[getAvailableServiceRequests] Params: useRecommendations=true, limit=10000, page=1","timestamp":"2026-01-14T16:26:37.428Z"}
{"level":"info","message":"[getAvailableServiceRequests] shouldUseRecommendations=true","timestamp":"2026-01-14T16:26:37.429Z"}
{"level":"info","message":"[getAvailableServiceRequests] Worker profile loaded: skills=[\"Plumbing\",\"Bathroom Plumbing\",\"Pipe Installation\",\"Electrical Work\",\"House Cleaning\",\"Carpentry\",\"Exterior Painting\",\"Masonry\",\"Welding\"], occupation=","timestamp":"2026-01-14T16:26:37.451Z"}
{"level":"info","message":"Querying service requests for provider 69673ec29b63259c6df8a040 with 9 patterns","timestamp":"2026-01-14T16:26:37.453Z"}
{"level":"info","message":"Found 3 total service requests for provider","timestamp":"2026-01-14T16:26:37.499Z"}
{"level":"info","message":"Recommended 3 of 3 matching requests to provider 69673ec29b63259c6df8a040","timestamp":"2026-01-14T16:26:37.537Z"}
{"level":"info","message":"[getAvailableServiceRequests] Recommendation engine returned 3 requests","timestamp":"2026-01-14T16:26:37.540Z"}
{"level":"info","message":"[getAvailableServiceRequests] User: 69673ec29b63259c6df8a040 (Jovann Rolluque), Role: Service Provider","timestamp":"2026-01-14T16:26:37.572Z"}
{"level":"info","message":"[getAvailableServiceRequests] Params: useRecommendations=true, limit=10000, page=1","timestamp":"2026-01-14T16:26:37.574Z"}
{"level":"info","message":"[getAvailableServiceRequests] shouldUseRecommendations=true","timestamp":"2026-01-14T16:26:37.575Z"}
{"level":"info","message":"[getAvailableServiceRequests] Worker profile loaded: skills=[\"Plumbing\",\"Bathroom Plumbing\",\"Pipe Installation\",\"Electrical Work\",\"House Cleaning\",\"Carpentry\",\"Exterior Painting\",\"Masonry\",\"Welding\"], occupation=","timestamp":"2026-01-14T16:26:37.603Z"}
{"level":"info","message":"Querying service requests for provider 69673ec29b63259c6df8a040 with 9 patterns","timestamp":"2026-01-14T16:26:37.604Z"}
{"level":"info","message":"Found 3 total service requests for provider","timestamp":"2026-01-14T16:26:37.644Z"}
{"level":"info","message":"Recommended 3 of 3 matching requests to provider 69673ec29b63259c6df8a040","timestamp":"2026-01-14T16:26:37.656Z"}
{"level":"info","message":"[getAvailableServiceRequests] Recommendation engine returned 3 requests","timestamp":"2026-01-14T16:26:37.657Z"}
{"level":"info","message":"[getAvailableServiceRequests] User: 69673ec29b63259c6df8a040 (Jovann Rolluque), Role: Service Provider","timestamp":"2026-01-14T16:26:56.833Z"}
{"level":"info","message":"[getAvailableServiceRequests] Params: useRecommendations=true, limit=10000, page=1","timestamp":"2026-01-14T16:26:56.834Z"}
{"level":"info","message":"[getAvailableServiceRequests] shouldUseRecommendations=true","timestamp":"2026-01-14T16:26:56.836Z"}
{"level":"info","message":"[getAvailableServiceRequests] Worker profile loaded: skills=[\"Plumbing\",\"Bathroom Plumbing\",\"Pipe Installation\",\"Electrical Work\",\"House Cleaning\",\"Carpentry\",\"Exterior Painting\",\"Masonry\",\"Welding\"], occupation=","timestamp":"2026-01-14T16:26:56.849Z"}
{"level":"info","message":"Querying service requests for provider 69673ec29b63259c6df8a040 with 9 patterns","timestamp":"2026-01-14T16:26:56.850Z"}
{"level":"info","message":"Found 3 total service requests for provider","timestamp":"2026-01-14T16:26:56.870Z"}
{"level":"info","message":"Recommended 3 of 3 matching requests to provider 69673ec29b63259c6df8a040","timestamp":"2026-01-14T16:26:56.888Z"}
{"level":"info","message":"[getAvailableServiceRequests] Recommendation engine returned 3 requests","timestamp":"2026-01-14T16:26:56.889Z"}
{"level":"info","message":"[getAvailableServiceRequests] User: 69673ec29b63259c6df8a040 (Jovann Rolluque), Role: Service Provider","timestamp":"2026-01-14T16:27:13.783Z"}
{"level":"info","message":"[getAvailableServiceRequests] Params: useRecommendations=true, limit=10000, page=1","timestamp":"2026-01-14T16:27:13.784Z"}
{"level":"info","message":"[getAvailableServiceRequests] shouldUseRecommendations=true","timestamp":"2026-01-14T16:27:13.785Z"}
{"level":"info","message":"[getAvailableServiceRequests] Worker profile loaded: skills=[\"Plumbing\",\"Bathroom Plumbing\",\"Pipe Installation\",\"Electrical Work\",\"House Cleaning\",\"Carpentry\",\"Exterior Painting\",\"Masonry\",\"Welding\"], occupation=","timestamp":"2026-01-14T16:27:13.800Z"}
{"level":"info","message":"Querying service requests for provider 69673ec29b63259c6df8a040 with 9 patterns","timestamp":"2026-01-14T16:27:13.801Z"}
{"level":"info","message":"Found 3 total service requests for provider","timestamp":"2026-01-14T16:27:13.856Z"}
{"level":"info","message":"Recommended 3 of 3 matching requests to provider 69673ec29b63259c6df8a040","timestamp":"2026-01-14T16:27:13.935Z"}
{"level":"info","message":"[getAvailableServiceRequests] Recommendation engine returned 3 requests","timestamp":"2026-01-14T16:27:13.949Z"}
{"level":"info","message":"[getAvailableServiceRequests] User: 69673ec29b63259c6df8a040 (Jovann Rolluque), Role: Service Provider","timestamp":"2026-01-14T16:27:42.259Z"}
{"level":"info","message":"[getAvailableServiceRequests] Params: useRecommendations=true, limit=10000, page=1","timestamp":"2026-01-14T16:27:42.260Z"}
{"level":"info","message":"[getAvailableServiceRequests] shouldUseRecommendations=true","timestamp":"2026-01-14T16:27:42.260Z"}
{"level":"info","message":"[getAvailableServiceRequests] Worker profile loaded: skills=[\"Plumbing\",\"Bathroom Plumbing\",\"Pipe Installation\",\"Electrical Work\",\"House Cleaning\",\"Carpentry\",\"Exterior Painting\",\"Masonry\",\"Welding\"], occupation=","timestamp":"2026-01-14T16:27:42.267Z"}
{"level":"info","message":"Querying service requests for provider 69673ec29b63259c6df8a040 with 9 patterns","timestamp":"2026-01-14T16:27:42.271Z"}
{"level":"info","message":"Found 3 total service requests for provider","timestamp":"2026-01-14T16:27:42.298Z"}
{"level":"info","message":"Recommended 3 of 3 matching requests to provider 69673ec29b63259c6df8a040","timestamp":"2026-01-14T16:27:42.339Z"}
{"level":"info","message":"[getAvailableServiceRequests] Recommendation engine returned 3 requests","timestamp":"2026-01-14T16:27:42.340Z"}
{"level":"info","message":"[getAvailableServiceRequests] User: 69673ec29b63259c6df8a040 (Jovann Rolluque), Role: Service Provider","timestamp":"2026-01-14T16:28:14.739Z"}
{"level":"info","message":"[getAvailableServiceRequests] Params: useRecommendations=true, limit=10000, page=1","timestamp":"2026-01-14T16:28:14.740Z"}
{"level":"info","message":"[getAvailableServiceRequests] shouldUseRecommendations=true","timestamp":"2026-01-14T16:28:14.741Z"}
{"level":"info","message":"[getAvailableServiceRequests] Worker profile loaded: skills=[\"Plumbing\",\"Bathroom Plumbing\",\"Pipe Installation\",\"Electrical Work\",\"House Cleaning\",\"Carpentry\",\"Exterior Painting\",\"Masonry\",\"Welding\"], occupation=","timestamp":"2026-01-14T16:28:14.763Z"}
{"level":"info","message":"Querying service requests for provider 69673ec29b63259c6df8a040 with 9 patterns","timestamp":"2026-01-14T16:28:14.765Z"}
{"level":"info","message":"Found 3 total service requests for provider","timestamp":"2026-01-14T16:28:14.802Z"}
{"level":"info","message":"Recommended 3 of 3 matching requests to provider 69673ec29b63259c6df8a040","timestamp":"2026-01-14T16:28:14.873Z"}
{"level":"info","message":"[getAvailableServiceRequests] Recommendation engine returned 3 requests","timestamp":"2026-01-14T16:28:14.880Z"}
{"level":"info","message":"Client Connected: _ZWRzZoHPUHGtSHvAAAH, User: 69673ec29b63259c6df8a040","timestamp":"2026-01-14T16:29:16.378Z"}
{"level":"info","message":"[getAvailableServiceRequests] User: 69673ec29b63259c6df8a040 (Jovann Rolluque), Role: Service Provider","timestamp":"2026-01-14T16:29:16.512Z"}
{"level":"info","message":"[getAvailableServiceRequests] Params: useRecommendations=true, limit=10000, page=1","timestamp":"2026-01-14T16:29:16.513Z"}
{"level":"info","message":"[getAvailableServiceRequests] shouldUseRecommendations=true","timestamp":"2026-01-14T16:29:16.514Z"}
{"level":"info","message":"[getAvailableServiceRequests] Worker profile loaded: skills=[\"Plumbing\",\"Bathroom Plumbing\",\"Pipe Installation\",\"Electrical Work\",\"House Cleaning\",\"Carpentry\",\"Exterior Painting\",\"Masonry\",\"Welding\"], occupation=","timestamp":"2026-01-14T16:29:16.533Z"}
{"level":"info","message":"Querying service requests for provider 69673ec29b63259c6df8a040 with 9 patterns","timestamp":"2026-01-14T16:29:16.534Z"}
{"level":"info","message":"Found 3 total service requests for provider","timestamp":"2026-01-14T16:29:16.571Z"}
{"level":"info","message":"Recommended 3 of 3 matching requests to provider 69673ec29b63259c6df8a040","timestamp":"2026-01-14T16:29:16.599Z"}
{"level":"info","message":"[getAvailableServiceRequests] Recommendation engine returned 3 requests","timestamp":"2026-01-14T16:29:16.601Z"}
{"level":"info","message":"[getAvailableServiceRequests] User: 69673ec29b63259c6df8a040 (Jovann Rolluque), Role: Service Provider","timestamp":"2026-01-14T16:29:16.647Z"}
{"level":"info","message":"[getAvailableServiceRequests] Params: useRecommendations=true, limit=10000, page=1","timestamp":"2026-01-14T16:29:16.648Z"}
{"level":"info","message":"[getAvailableServiceRequests] shouldUseRecommendations=true","timestamp":"2026-01-14T16:29:16.649Z"}
{"level":"info","message":"[getAvailableServiceRequests] Worker profile loaded: skills=[\"Plumbing\",\"Bathroom Plumbing\",\"Pipe Installation\",\"Electrical Work\",\"House Cleaning\",\"Carpentry\",\"Exterior Painting\",\"Masonry\",\"Welding\"], occupation=","timestamp":"2026-01-14T16:29:16.669Z"}
{"level":"info","message":"Querying service requests for provider 69673ec29b63259c6df8a040 with 9 patterns","timestamp":"2026-01-14T16:29:16.671Z"}
{"level":"info","message":"Found 3 total service requests for provider","timestamp":"2026-01-14T16:29:16.699Z"}
{"level":"info","message":"Recommended 3 of 3 matching requests to provider 69673ec29b63259c6df8a040","timestamp":"2026-01-14T16:29:16.726Z"}
{"level":"info","message":"[getAvailableServiceRequests] Recommendation engine returned 3 requests","timestamp":"2026-01-14T16:29:16.728Z"}
{"level":"info","message":"[getAvailableServiceRequests] User: 69673ec29b63259c6df8a040 (Jovann Rolluque), Role: Service Provider","timestamp":"2026-01-14T16:31:18.612Z"}
{"level":"info","message":"[getAvailableServiceRequests] Params: useRecommendations=true, limit=10000, page=1","timestamp":"2026-01-14T16:31:18.613Z"}
{"level":"info","message":"[getAvailableServiceRequests] shouldUseRecommendations=true","timestamp":"2026-01-14T16:31:18.615Z"}
{"level":"info","message":"[getAvailableServiceRequests] Worker profile loaded: skills=[\"Plumbing\",\"Bathroom Plumbing\",\"Pipe Installation\",\"Electrical Work\",\"House Cleaning\",\"Carpentry\",\"Exterior Painting\",\"Masonry\",\"Welding\"], occupation=","timestamp":"2026-01-14T16:31:18.641Z"}
{"level":"info","message":"Querying service requests for provider 69673ec29b63259c6df8a040 with 9 patterns","timestamp":"2026-01-14T16:31:18.642Z"}
{"level":"info","message":"Found 3 total service requests for provider","timestamp":"2026-01-14T16:31:18.682Z"}
{"level":"info","message":"Recommended 3 of 3 matching requests to provider 69673ec29b63259c6df8a040","timestamp":"2026-01-14T16:31:18.700Z"}
{"level":"info","message":"[getAvailableServiceRequests] Recommendation engine returned 3 requests","timestamp":"2026-01-14T16:31:18.702Z"}
{"level":"info","message":"Client Connected: FfE89Afj1k_dN6zhAAAK, User: 69673ec29b63259c6df8a040","timestamp":"2026-01-14T16:31:20.599Z"}
{"level":"info","message":"[getAvailableServiceRequests] User: 69673ec29b63259c6df8a040 (Jovann Rolluque), Role: Service Provider","timestamp":"2026-01-14T16:31:20.697Z"}
{"level":"info","message":"[getAvailableServiceRequests] Params: useRecommendations=true, limit=10000, page=1","timestamp":"2026-01-14T16:31:20.698Z"}
{"level":"info","message":"[getAvailableServiceRequests] shouldUseRecommendations=true","timestamp":"2026-01-14T16:31:20.699Z"}
{"level":"info","message":"[getAvailableServiceRequests] Worker profile loaded: skills=[\"Plumbing\",\"Bathroom Plumbing\",\"Pipe Installation\",\"Electrical Work\",\"House Cleaning\",\"Carpentry\",\"Exterior Painting\",\"Masonry\",\"Welding\"], occupation=","timestamp":"2026-01-14T16:31:20.720Z"}
{"level":"info","message":"Querying service requests for provider 69673ec29b63259c6df8a040 with 9 patterns","timestamp":"2026-01-14T16:31:20.721Z"}
{"level":"info","message":"Found 3 total service requests for provider","timestamp":"2026-01-14T16:31:20.774Z"}
{"level":"info","message":"Recommended 3 of 3 matching requests to provider 69673ec29b63259c6df8a040","timestamp":"2026-01-14T16:31:20.821Z"}
{"level":"info","message":"[getAvailableServiceRequests] Recommendation engine returned 3 requests","timestamp":"2026-01-14T16:31:20.822Z"}
{"level":"info","message":"[getAvailableServiceRequests] User: 69673ec29b63259c6df8a040 (Jovann Rolluque), Role: Service Provider","timestamp":"2026-01-14T16:31:20.909Z"}
{"level":"info","message":"[getAvailableServiceRequests] Params: useRecommendations=true, limit=10000, page=1","timestamp":"2026-01-14T16:31:20.910Z"}
{"level":"info","message":"[getAvailableServiceRequests] shouldUseRecommendations=true","timestamp":"2026-01-14T16:31:20.911Z"}
{"level":"info","message":"[getAvailableServiceRequests] Worker profile loaded: skills=[\"Plumbing\",\"Bathroom Plumbing\",\"Pipe Installation\",\"Electrical Work\",\"House Cleaning\",\"Carpentry\",\"Exterior Painting\",\"Masonry\",\"Welding\"], occupation=","timestamp":"2026-01-14T16:31:20.934Z"}
{"level":"info","message":"Querying service requests for provider 69673ec29b63259c6df8a040 with 9 patterns","timestamp":"2026-01-14T16:31:20.935Z"}
{"level":"info","message":"Found 3 total service requests for provider","timestamp":"2026-01-14T16:31:20.973Z"}
{"level":"info","message":"Recommended 3 of 3 matching requests to provider 69673ec29b63259c6df8a040","timestamp":"2026-01-14T16:31:20.989Z"}
{"level":"info","message":"[getAvailableServiceRequests] Recommendation engine returned 3 requests","timestamp":"2026-01-14T16:31:20.990Z"}
{"level":"info","message":"Client Connected: SQjm8i3P2g-HyKZ6AAAN, User: 69673ec29b63259c6df8a040","timestamp":"2026-01-14T16:32:28.264Z"}
{"level":"info","message":"[getAvailableServiceRequests] User: 69673ec29b63259c6df8a040 (Jovann Rolluque), Role: Service Provider","timestamp":"2026-01-14T16:32:28.379Z"}
{"level":"info","message":"[getAvailableServiceRequests] Params: useRecommendations=true, limit=10000, page=1","timestamp":"2026-01-14T16:32:28.379Z"}
{"level":"info","message":"[getAvailableServiceRequests] shouldUseRecommendations=true","timestamp":"2026-01-14T16:32:28.380Z"}
{"level":"info","message":"[getAvailableServiceRequests] Worker profile loaded: skills=[\"Plumbing\",\"Bathroom Plumbing\",\"Pipe Installation\",\"Electrical Work\",\"House Cleaning\",\"Carpentry\",\"Exterior Painting\",\"Masonry\",\"Welding\"], occupation=","timestamp":"2026-01-14T16:32:28.401Z"}
{"level":"info","message":"Querying service requests for provider 69673ec29b63259c6df8a040 with 9 patterns","timestamp":"2026-01-14T16:32:28.401Z"}
{"level":"info","message":"Found 3 total service requests for provider","timestamp":"2026-01-14T16:32:28.434Z"}
{"level":"info","message":"Recommended 3 of 3 matching requests to provider 69673ec29b63259c6df8a040","timestamp":"2026-01-14T16:32:28.471Z"}
{"level":"info","message":"[getAvailableServiceRequests] Recommendation engine returned 3 requests","timestamp":"2026-01-14T16:32:28.472Z"}
{"level":"info","message":"[getAvailableServiceRequests] User: 69673ec29b63259c6df8a040 (Jovann Rolluque), Role: Service Provider","timestamp":"2026-01-14T16:32:28.533Z"}
{"level":"info","message":"[getAvailableServiceRequests] Params: useRecommendations=true, limit=10000, page=1","timestamp":"2026-01-14T16:32:28.534Z"}
{"level":"info","message":"[getAvailableServiceRequests] shouldUseRecommendations=true","timestamp":"2026-01-14T16:32:28.535Z"}
{"level":"info","message":"[getAvailableServiceRequests] Worker profile loaded: skills=[\"Plumbing\",\"Bathroom Plumbing\",\"Pipe Installation\",\"Electrical Work\",\"House Cleaning\",\"Carpentry\",\"Exterior Painting\",\"Masonry\",\"Welding\"], occupation=","timestamp":"2026-01-14T16:32:28.639Z"}
{"level":"info","message":"Querying service requests for provider 69673ec29b63259c6df8a040 with 9 patterns","timestamp":"2026-01-14T16:32:28.695Z"}
{"level":"info","message":"Found 3 total service requests for provider","timestamp":"2026-01-14T16:32:28.755Z"}
{"level":"info","message":"Recommended 3 of 3 matching requests to provider 69673ec29b63259c6df8a040","timestamp":"2026-01-14T16:32:28.766Z"}
{"level":"info","message":"[getAvailableServiceRequests] Recommendation engine returned 3 requests","timestamp":"2026-01-14T16:32:28.767Z"}
{"level":"info","message":"Client Connected: zqvWpX9pm2x--tVgAAAP, User: 69673ec29b63259c6df8a040","timestamp":"2026-01-14T16:34:16.761Z"}
{"level":"info","message":"Client Connected: iNpXQPzKkGEe2DuEAAAR, User: 69673ec29b63259c6df8a040","timestamp":"2026-01-14T16:35:22.880Z"}
{"level":"info","message":"Client Connected: 47F7rY03BJU50UDmAAAT, User: 69673ec29b63259c6df8a040","timestamp":"2026-01-14T16:36:13.781Z"}
{"level":"info","message":"Client Connected: ylSLiCGERRJViI2fAAAW, User: 69673ec29b63259c6df8a040","timestamp":"2026-01-14T16:40:35.361Z"}
{"level":"info","message":"[getAvailableServiceRequests] User: 69673ec29b63259c6df8a040 (Jovann Rolluque), Role: Service Provider","timestamp":"2026-01-14T16:40:35.904Z"}
{"level":"info","message":"[getAvailableServiceRequests] Params: useRecommendations=true, limit=10000, page=1","timestamp":"2026-01-14T16:40:35.905Z"}
{"level":"info","message":"[getAvailableServiceRequests] shouldUseRecommendations=true","timestamp":"2026-01-14T16:40:35.907Z"}
{"level":"info","message":"[getAvailableServiceRequests] Worker profile loaded: skills=[\"Plumbing\",\"Bathroom Plumbing\",\"Pipe Installation\",\"Electrical Work\",\"House Cleaning\",\"Carpentry\",\"Exterior Painting\",\"Masonry\",\"Welding\"], occupation=","timestamp":"2026-01-14T16:40:35.911Z"}
{"level":"info","message":"Querying service requests for provider 69673ec29b63259c6df8a040 with 9 patterns","timestamp":"2026-01-14T16:40:35.913Z"}
{"level":"info","message":"Found 3 total service requests for provider","timestamp":"2026-01-14T16:40:35.923Z"}
{"level":"info","message":"Recommended 3 of 3 matching requests to provider 69673ec29b63259c6df8a040","timestamp":"2026-01-14T16:40:35.929Z"}
{"level":"info","message":"[getAvailableServiceRequests] Recommendation engine returned 3 requests","timestamp":"2026-01-14T16:40:35.932Z"}
{"level":"info","message":"[getAvailableServiceRequests] User: 69673ec29b63259c6df8a040 (Jovann Rolluque), Role: Service Provider","timestamp":"2026-01-14T16:40:36.059Z"}
{"level":"info","message":"[getAvailableServiceRequests] Params: useRecommendations=true, limit=10000, page=1","timestamp":"2026-01-14T16:40:36.064Z"}
{"level":"info","message":"[getAvailableServiceRequests] shouldUseRecommendations=true","timestamp":"2026-01-14T16:40:36.072Z"}
{"level":"info","message":"[getAvailableServiceRequests] Worker profile loaded: skills=[\"Plumbing\",\"Bathroom Plumbing\",\"Pipe Installation\",\"Electrical Work\",\"House Cleaning\",\"Carpentry\",\"Exterior Painting\",\"Masonry\",\"Welding\"], occupation=","timestamp":"2026-01-14T16:40:36.115Z"}
{"level":"info","message":"Querying service requests for provider 69673ec29b63259c6df8a040 with 9 patterns","timestamp":"2026-01-14T16:40:36.117Z"}
{"level":"info","message":"Found 3 total service requests for provider","timestamp":"2026-01-14T16:40:36.167Z"}
{"level":"info","message":"Recommended 3 of 3 matching requests to provider 69673ec29b63259c6df8a040","timestamp":"2026-01-14T16:40:36.216Z"}
{"level":"info","message":"[getAvailableServiceRequests] Recommendation engine returned 3 requests","timestamp":"2026-01-14T16:40:36.222Z"}
{"level":"info","message":"✅ Database connected successfully","timestamp":"2026-01-14T16:41:11.232Z"}
{"level":"info","message":"Email queue initialized - emails will be sent directly","timestamp":"2026-01-14T16:41:11.235Z"}
{"level":"info","message":"Server is running on port 4000","timestamp":"2026-01-14T16:41:11.318Z"}
{"level":"info","message":"Client Connected: CP9G118oDo5s8kCqAAAC, User: 69673ec29b63259c6df8a040","timestamp":"2026-01-14T16:41:18.555Z"}
{"level":"info","message":"[getAvailableServiceRequests] User: 69673ec29b63259c6df8a040 (Jovann Rolluque), Role: Service Provider","timestamp":"2026-01-14T16:41:18.909Z"}
{"level":"info","message":"[getAvailableServiceRequests] Params: useRecommendations=true, limit=10000, page=1","timestamp":"2026-01-14T16:41:18.910Z"}
{"level":"info","message":"[getAvailableServiceRequests] shouldUseRecommendations=true","timestamp":"2026-01-14T16:41:18.911Z"}
{"level":"info","message":"[getAvailableServiceRequests] Worker profile loaded: skills=[\"Plumbing\",\"Bathroom Plumbing\",\"Pipe Installation\",\"Electrical Work\",\"House Cleaning\",\"Carpentry\",\"Exterior Painting\",\"Masonry\",\"Welding\"], occupation=","timestamp":"2026-01-14T16:41:18.931Z"}
{"level":"info","message":"Querying service requests for provider 69673ec29b63259c6df8a040 with 9 patterns","timestamp":"2026-01-14T16:41:18.936Z"}
{"level":"info","message":"Found 3 total service requests for provider","timestamp":"2026-01-14T16:41:18.976Z"}
{"level":"info","message":"Recommended 3 of 3 matching requests to provider 69673ec29b63259c6df8a040","timestamp":"2026-01-14T16:41:19.024Z"}
{"level":"info","message":"[getAvailableServiceRequests] Recommendation engine returned 3 requests","timestamp":"2026-01-14T16:41:19.025Z"}
{"level":"info","message":"[getAvailableServiceRequests] User: 69673ec29b63259c6df8a040 (Jovann Rolluque), Role: Service Provider","timestamp":"2026-01-14T16:41:19.123Z"}
{"level":"info","message":"[getAvailableServiceRequests] Params: useRecommendations=true, limit=10000, page=1","timestamp":"2026-01-14T16:41:19.124Z"}
{"level":"info","message":"[getAvailableServiceRequests] shouldUseRecommendations=true","timestamp":"2026-01-14T16:41:19.125Z"}
{"level":"info","message":"[getAvailableServiceRequests] Worker profile loaded: skills=[\"Plumbing\",\"Bathroom Plumbing\",\"Pipe Installation\",\"Electrical Work\",\"House Cleaning\",\"Carpentry\",\"Exterior Painting\",\"Masonry\",\"Welding\"], occupation=","timestamp":"2026-01-14T16:41:19.160Z"}
{"level":"info","message":"Querying service requests for provider 69673ec29b63259c6df8a040 with 9 patterns","timestamp":"2026-01-14T16:41:19.161Z"}
{"level":"info","message":"Found 3 total service requests for provider","timestamp":"2026-01-14T16:41:19.212Z"}
{"level":"info","message":"Recommended 3 of 3 matching requests to provider 69673ec29b63259c6df8a040","timestamp":"2026-01-14T16:41:19.225Z"}
{"level":"info","message":"[getAvailableServiceRequests] Recommendation engine returned 3 requests","timestamp":"2026-01-14T16:41:19.227Z"}
{"level":"info","message":"✅ Database connected successfully","timestamp":"2026-01-14T16:45:17.392Z"}
{"level":"info","message":"Email queue initialized - emails will be sent directly","timestamp":"2026-01-14T16:45:17.406Z"}
{"level":"info","message":"Server is running on port 4000","timestamp":"2026-01-14T16:45:17.514Z"}
{"level":"info","message":"Client Connected: PtQoYoBTCsQJL7YiAAAB, User: 69673ec29b63259c6df8a040","timestamp":"2026-01-14T16:45:23.984Z"}
{"level":"info","message":"Client Connected: iu3QVSmzwoGeZghtAAAE, User: 69673ec29b63259c6df8a040","timestamp":"2026-01-14T16:46:00.410Z"}
{"level":"info","message":"[getAvailableServiceRequests] User: 69673ec29b63259c6df8a040 (Jovann Rolluque), Role: Service Provider","timestamp":"2026-01-14T16:46:00.629Z"}
{"level":"info","message":"[getAvailableServiceRequests] Params: useRecommendations=true, limit=10000, page=1","timestamp":"2026-01-14T16:46:00.732Z"}
{"level":"info","message":"[getAvailableServiceRequests] shouldUseRecommendations=true","timestamp":"2026-01-14T16:46:01.419Z"}
{"level":"info","message":"[getAvailableServiceRequests] Worker profile loaded: skills=[\"Plumbing\",\"Bathroom Plumbing\",\"Pipe Installation\",\"Electrical Work\",\"House Cleaning\",\"Carpentry\",\"Exterior Painting\",\"Masonry\",\"Welding\"], occupation=","timestamp":"2026-01-14T16:46:01.531Z"}
{"level":"info","message":"Querying service requests for provider 69673ec29b63259c6df8a040 with 9 patterns","timestamp":"2026-01-14T16:46:01.534Z"}
{"level":"info","message":"Found 3 total service requests for provider","timestamp":"2026-01-14T16:46:01.673Z"}
{"level":"info","message":"Recommended 3 of 3 matching requests to provider 69673ec29b63259c6df8a040","timestamp":"2026-01-14T16:46:01.769Z"}
{"level":"info","message":"[getAvailableServiceRequests] Recommendation engine returned 3 requests","timestamp":"2026-01-14T16:46:01.802Z"}
{"level":"info","message":"[getAvailableServiceRequests] User: 69673ec29b63259c6df8a040 (Jovann Rolluque), Role: Service Provider","timestamp":"2026-01-14T16:46:01.950Z"}
{"level":"info","message":"[getAvailableServiceRequests] Params: useRecommendations=true, limit=10000, page=1","timestamp":"2026-01-14T16:46:01.952Z"}
{"level":"info","message":"[getAvailableServiceRequests] shouldUseRecommendations=true","timestamp":"2026-01-14T16:46:01.978Z"}
{"level":"info","message":"[getAvailableServiceRequests] Worker profile loaded: skills=[\"Plumbing\",\"Bathroom Plumbing\",\"Pipe Installation\",\"Electrical Work\",\"House Cleaning\",\"Carpentry\",\"Exterior Painting\",\"Masonry\",\"Welding\"], occupation=","timestamp":"2026-01-14T16:46:02.026Z"}
{"level":"info","message":"Querying service requests for provider 69673ec29b63259c6df8a040 with 9 patterns","timestamp":"2026-01-14T16:46:02.044Z"}
{"level":"info","message":"Found 3 total service requests for provider","timestamp":"2026-01-14T16:46:02.123Z"}
{"level":"info","message":"Recommended 3 of 3 matching requests to provider 69673ec29b63259c6df8a040","timestamp":"2026-01-14T16:46:02.192Z"}
{"level":"info","message":"[getAvailableServiceRequests] Recommendation engine returned 3 requests","timestamp":"2026-01-14T16:46:02.212Z"}
{"level":"info","message":"[getAvailableServiceRequests] User: 69673ec29b63259c6df8a040 (Jovann Rolluque), Role: Service Provider","timestamp":"2026-01-14T16:46:25.487Z"}
{"level":"info","message":"[getAvailableServiceRequests] Params: useRecommendations=true, limit=10000, page=1","timestamp":"2026-01-14T16:46:25.488Z"}
{"level":"info","message":"[getAvailableServiceRequests] shouldUseRecommendations=true","timestamp":"2026-01-14T16:46:25.489Z"}
{"level":"info","message":"[getAvailableServiceRequests] Worker profile loaded: skills=[\"Plumbing\",\"Bathroom Plumbing\",\"Pipe Installation\",\"Electrical Work\",\"House Cleaning\",\"Carpentry\",\"Exterior Painting\",\"Masonry\",\"Welding\"], occupation=","timestamp":"2026-01-14T16:46:25.513Z"}
{"level":"info","message":"Querying service requests for provider 69673ec29b63259c6df8a040 with 9 patterns","timestamp":"2026-01-14T16:46:25.514Z"}
{"level":"info","message":"Found 3 total service requests for provider","timestamp":"2026-01-14T16:46:25.561Z"}
{"level":"info","message":"Recommended 3 of 3 matching requests to provider 69673ec29b63259c6df8a040","timestamp":"2026-01-14T16:46:25.617Z"}
{"level":"info","message":"[getAvailableServiceRequests] Recommendation engine returned 3 requests","timestamp":"2026-01-14T16:46:25.618Z"}
{"level":"info","message":"Client Connected: 5shelrDg1BXQPft3AAAH, User: 69673ec29b63259c6df8a040","timestamp":"2026-01-14T16:46:37.282Z"}
{"level":"info","message":"[getAvailableServiceRequests] User: 69673ec29b63259c6df8a040 (Jovann Rolluque), Role: Service Provider","timestamp":"2026-01-14T16:46:37.477Z"}
{"level":"info","message":"[getAvailableServiceRequests] Params: useRecommendations=true, limit=10000, page=1","timestamp":"2026-01-14T16:46:37.500Z"}
{"level":"info","message":"[getAvailableServiceRequests] shouldUseRecommendations=true","timestamp":"2026-01-14T16:46:37.535Z"}
{"level":"info","message":"[getAvailableServiceRequests] Worker profile loaded: skills=[\"Plumbing\",\"Bathroom Plumbing\",\"Pipe Installation\",\"Electrical Work\",\"House Cleaning\",\"Carpentry\",\"Exterior Painting\",\"Masonry\",\"Welding\"], occupation=","timestamp":"2026-01-14T16:46:37.595Z"}
{"level":"info","message":"Querying service requests for provider 69673ec29b63259c6df8a040 with 9 patterns","timestamp":"2026-01-14T16:46:37.598Z"}
{"level":"info","message":"Found 3 total service requests for provider","timestamp":"2026-01-14T16:46:37.689Z"}
{"level":"info","message":"Recommended 3 of 3 matching requests to provider 69673ec29b63259c6df8a040","timestamp":"2026-01-14T16:46:37.766Z"}
{"level":"info","message":"[getAvailableServiceRequests] Recommendation engine returned 3 requests","timestamp":"2026-01-14T16:46:37.769Z"}
{"level":"info","message":"[getAvailableServiceRequests] User: 69673ec29b63259c6df8a040 (Jovann Rolluque), Role: Service Provider","timestamp":"2026-01-14T16:46:37.954Z"}
{"level":"info","message":"[getAvailableServiceRequests] Params: useRecommendations=true, limit=10000, page=1","timestamp":"2026-01-14T16:46:37.960Z"}
{"level":"info","message":"[getAvailableServiceRequests] shouldUseRecommendations=true","timestamp":"2026-01-14T16:46:37.981Z"}
{"level":"info","message":"[getAvailableServiceRequests] Worker profile loaded: skills=[\"Plumbing\",\"Bathroom Plumbing\",\"Pipe Installation\",\"Electrical Work\",\"House Cleaning\",\"Carpentry\",\"Exterior Painting\",\"Masonry\",\"Welding\"], occupation=","timestamp":"2026-01-14T16:46:38.070Z"}
{"level":"info","message":"Querying service requests for provider 69673ec29b63259c6df8a040 with 9 patterns","timestamp":"2026-01-14T16:46:38.090Z"}
{"level":"info","message":"Found 3 total service requests for provider","timestamp":"2026-01-14T16:46:38.148Z"}
{"level":"info","message":"Recommended 3 of 3 matching requests to provider 69673ec29b63259c6df8a040","timestamp":"2026-01-14T16:46:38.197Z"}
{"level":"info","message":"[getAvailableServiceRequests] Recommendation engine returned 3 requests","timestamp":"2026-01-14T16:46:38.198Z"}
{"level":"info","message":"✅ Database connected successfully","timestamp":"2026-01-14T16:52:12.218Z"}
{"level":"info","message":"Email queue initialized - emails will be sent directly","timestamp":"2026-01-14T16:52:12.221Z"}
{"level":"info","message":"Server is running on port 4000","timestamp":"2026-01-14T16:52:12.306Z"}
{"level":"info","message":"Client Connected: rM0t95y2IwEA2yjBAAAB, User: 69673ec29b63259c6df8a040","timestamp":"2026-01-14T16:52:15.894Z"}
{"level":"info","message":"✅ Database connected successfully","timestamp":"2026-01-14T16:52:56.791Z"}
{"level":"info","message":"Email queue initialized - emails will be sent directly","timestamp":"2026-01-14T16:52:56.793Z"}
{"level":"info","message":"Server is running on port 4000","timestamp":"2026-01-14T16:52:56.868Z"}
{"level":"info","message":"Client Connected: mWqc8-ellK2w32XJAAAB, User: 69673ec29b63259c6df8a040","timestamp":"2026-01-14T16:53:00.768Z"}
{"context":{},"level":"error","message":"Request Error ENOENT: no such file or directory, open 'C:\\Users\\Admin\\Desktop\\skillconnect4b410\\backend\\backend\\uploads\\proof_1768409615370_914684_584418927_714194397902159_5696991004274063287_n.jpg'","method":"POST","stack":"Error: ENOENT: no such file or directory, open 'C:\\Users\\Admin\\Desktop\\skillconnect4b410\\backend\\backend\\uploads\\proof_1768409615370_914684_584418927_714194397902159_5696991004274063287_n.jpg'","statusCode":500,"timestamp":"2026-01-14T16:53:35.375Z","url":"/api/v1/user/booking/6967c84025bd7952b7f99975/upload-proof","userId":"69673ec29b63259c6df8a040"}
{"context":{},"level":"error","message":"Request Error ENOENT: no such file or directory, open 'C:\\Users\\Admin\\Desktop\\skillconnect4b410\\backend\\backend\\uploads\\proof_1768409616568_249154_584418927_714194397902159_5696991004274063287_n.jpg'","method":"POST","stack":"Error: ENOENT: no such file or directory, open 'C:\\Users\\Admin\\Desktop\\skillconnect4b410\\backend\\backend\\uploads\\proof_1768409616568_249154_584418927_714194397902159_5696991004274063287_n.jpg'","statusCode":500,"timestamp":"2026-01-14T16:53:36.571Z","url":"/api/v1/user/booking/6967c84025bd7952b7f99975/upload-proof","userId":"69673ec29b63259c6df8a040"}
{"context":{},"level":"error","message":"Request Error ENOENT: no such file or directory, open 'C:\\Users\\Admin\\Desktop\\skillconnect4b410\\backend\\backend\\uploads\\proof_1768409616861_508588_584418927_714194397902159_5696991004274063287_n.jpg'","method":"POST","stack":"Error: ENOENT: no such file or directory, open 'C:\\Users\\Admin\\Desktop\\skillconnect4b410\\backend\\backend\\uploads\\proof_1768409616861_508588_584418927_714194397902159_5696991004274063287_n.jpg'","statusCode":500,"timestamp":"2026-01-14T16:53:36.863Z","url":"/api/v1/user/booking/6967c84025bd7952b7f99975/upload-proof","userId":"69673ec29b63259c6df8a040"}
{"level":"info","message":"✅ Database connected successfully","timestamp":"2026-01-14T16:56:41.562Z"}
{"level":"info","message":"Email queue initialized - emails will be sent directly","timestamp":"2026-01-14T16:56:41.567Z"}
{"level":"info","message":"Server is running on port 4000","timestamp":"2026-01-14T16:56:41.643Z"}
{"level":"info","message":"Client Connected: HiNUBTNrCxob3jaQAAAB, User: 69673ec29b63259c6df8a040","timestamp":"2026-01-14T16:56:43.829Z"}
{"context":{},"level":"error","message":"Request Error ENOENT: no such file or directory, open 'C:\\Users\\Admin\\Desktop\\skillconnect4b410\\backend\\backend\\uploads\\proof_1768409933977_567194_584418927_714194397902159_5696991004274063287_n.jpg'","method":"POST","stack":"Error: ENOENT: no such file or directory, open 'C:\\Users\\Admin\\Desktop\\skillconnect4b410\\backend\\backend\\uploads\\proof_1768409933977_567194_584418927_714194397902159_5696991004274063287_n.jpg'","statusCode":500,"timestamp":"2026-01-14T16:58:53.982Z","url":"/api/v1/user/booking/6967c84025bd7952b7f99975/upload-proof","userId":"69673ec29b63259c6df8a040"}
{"level":"info","message":"Client Connected: bBDScUl0HAAnAwBcAAAE, User: 69673ec29b63259c6df8a040","timestamp":"2026-01-14T16:58:57.673Z"}
{"level":"info","message":"[getAvailableServiceRequests] User: 69673ec29b63259c6df8a040 (Jovann Rolluque), Role: Service Provider","timestamp":"2026-01-14T16:58:57.828Z"}
{"level":"info","message":"[getAvailableServiceRequests] Params: useRecommendations=true, limit=10000, page=1","timestamp":"2026-01-14T16:58:57.829Z"}
{"level":"info","message":"[getAvailableServiceRequests] shouldUseRecommendations=true","timestamp":"2026-01-14T16:58:57.830Z"}
{"level":"info","message":"[getAvailableServiceRequests] Worker profile loaded: skills=[\"Plumbing\",\"Bathroom Plumbing\",\"Pipe Installation\",\"Electrical Work\",\"House Cleaning\",\"Carpentry\",\"Exterior Painting\",\"Masonry\",\"Welding\"], occupation=","timestamp":"2026-01-14T16:58:57.875Z"}
{"level":"info","message":"Querying service requests for provider 69673ec29b63259c6df8a040 with 9 patterns","timestamp":"2026-01-14T16:58:57.878Z"}
{"level":"info","message":"Found 3 total service requests for provider","timestamp":"2026-01-14T16:58:58.024Z"}
{"level":"info","message":"Recommended 3 of 3 matching requests to provider 69673ec29b63259c6df8a040","timestamp":"2026-01-14T16:58:58.317Z"}
{"level":"info","message":"[getAvailableServiceRequests] Recommendation engine returned 3 requests","timestamp":"2026-01-14T16:58:58.324Z"}
{"level":"info","message":"[getAvailableServiceRequests] User: 69673ec29b63259c6df8a040 (Jovann Rolluque), Role: Service Provider","timestamp":"2026-01-14T16:58:58.441Z"}
{"level":"info","message":"[getAvailableServiceRequests] Params: useRecommendations=true, limit=10000, page=1","timestamp":"2026-01-14T16:58:58.443Z"}
{"level":"info","message":"[getAvailableServiceRequests] shouldUseRecommendations=true","timestamp":"2026-01-14T16:58:58.444Z"}
{"level":"info","message":"[getAvailableServiceRequests] Worker profile loaded: skills=[\"Plumbing\",\"Bathroom Plumbing\",\"Pipe Installation\",\"Electrical Work\",\"House Cleaning\",\"Carpentry\",\"Exterior Painting\",\"Masonry\",\"Welding\"], occupation=","timestamp":"2026-01-14T16:58:58.484Z"}
{"level":"info","message":"Querying service requests for provider 69673ec29b63259c6df8a040 with 9 patterns","timestamp":"2026-01-14T16:58:58.485Z"}
{"level":"info","message":"Found 3 total service requests for provider","timestamp":"2026-01-14T16:58:58.529Z"}
{"level":"info","message":"Recommended 3 of 3 matching requests to provider 69673ec29b63259c6df8a040","timestamp":"2026-01-14T16:58:58.555Z"}
{"level":"info","message":"[getAvailableServiceRequests] Recommendation engine returned 3 requests","timestamp":"2026-01-14T16:58:58.556Z"}
{"context":{},"level":"error","message":"Request Error ENOENT: no such file or directory, open 'C:\\Users\\Admin\\Desktop\\skillconnect4b410\\backend\\backend\\uploads\\proof_1768409950296_985980_584418927_714194397902159_5696991004274063287_n.jpg'","method":"POST","stack":"Error: ENOENT: no such file or directory, open 'C:\\Users\\Admin\\Desktop\\skillconnect4b410\\backend\\backend\\uploads\\proof_1768409950296_985980_584418927_714194397902159_5696991004274063287_n.jpg'","statusCode":500,"timestamp":"2026-01-14T16:59:10.299Z","url":"/api/v1/user/booking/6967c84025bd7952b7f99975/upload-proof","userId":"69673ec29b63259c6df8a040"}
{"level":"info","message":"✅ Database connected successfully","timestamp":"2026-01-14T17:01:26.505Z"}
{"level":"info","message":"Email queue initialized - emails will be sent directly","timestamp":"2026-01-14T17:01:26.508Z"}
{"level":"info","message":"Server is running on port 4000","timestamp":"2026-01-14T17:01:26.567Z"}
{"level":"info","message":"Client Connected: nQIng4VjRFO8y-KdAAAB, User: 69673ec29b63259c6df8a040","timestamp":"2026-01-14T17:01:28.800Z"}
{"level":"info","message":"✅ Database connected successfully","timestamp":"2026-01-14T17:02:42.721Z"}
{"level":"info","message":"Email queue initialized - emails will be sent directly","timestamp":"2026-01-14T17:02:42.726Z"}
{"level":"info","message":"Server is running on port 4000","timestamp":"2026-01-14T17:02:42.788Z"}
{"level":"info","message":"Client Connected: 3FSWjX-eToSEo_sqAAAB, User: 69673ec29b63259c6df8a040","timestamp":"2026-01-14T17:02:45.779Z"}
{"level":"info","message":"✅ Database connected successfully","timestamp":"2026-01-14T17:03:07.929Z"}
{"level":"info","message":"Email queue initialized - emails will be sent directly","timestamp":"2026-01-14T17:03:07.944Z"}
{"level":"info","message":"✅ Database connected successfully","timestamp":"2026-01-14T17:03:50.132Z"}
{"level":"info","message":"Email queue initialized - emails will be sent directly","timestamp":"2026-01-14T17:03:50.134Z"}
{"level":"info","message":"Server is running on port 4000","timestamp":"2026-01-14T17:03:50.203Z"}
{"level":"info","message":"Client Connected: znAR0obGapqocmfOAAAB, User: 69673ec29b63259c6df8a040","timestamp":"2026-01-14T17:03:50.303Z"}
{"context":{},"level":"error","message":"Request Error ENOENT: no such file or directory, open 'C:\\Users\\Admin\\Desktop\\skillconnect4b410\\uploads\\proof_1768410410396_810338_584418927_714194397902159_5696991004274063287_n.jpg'","method":"POST","stack":"Error: ENOENT: no such file or directory, open 'C:\\Users\\Admin\\Desktop\\skillconnect4b410\\uploads\\proof_1768410410396_810338_584418927_714194397902159_5696991004274063287_n.jpg'","statusCode":500,"timestamp":"2026-01-14T17:06:50.403Z","url":"/api/v1/user/booking/6967c84025bd7952b7f99975/upload-proof","userId":"69673ec29b63259c6df8a040"}
{"level":"info","message":"✅ Database connected successfully","timestamp":"2026-01-14T17:07:20.815Z"}
{"level":"info","message":"Email queue initialized - emails will be sent directly","timestamp":"2026-01-14T17:07:20.818Z"}
{"level":"info","message":"Server is running on port 4000","timestamp":"2026-01-14T17:07:20.882Z"}
{"level":"info","message":"Client Connected: 6hnEHrHeIxCuuLjWAAAC, User: 69673ec29b63259c6df8a040","timestamp":"2026-01-14T17:07:25.337Z"}
{"level":"info","message":"[getAvailableServiceRequests] User: 69673ec29b63259c6df8a040 (Jovann Rolluque), Role: Service Provider","timestamp":"2026-01-14T17:07:25.802Z"}
{"level":"info","message":"[getAvailableServiceRequests] Params: useRecommendations=true, limit=10000, page=1","timestamp":"2026-01-14T17:07:25.804Z"}
{"level":"info","message":"[getAvailableServiceRequests] shouldUseRecommendations=true","timestamp":"2026-01-14T17:07:25.805Z"}
{"level":"info","message":"[getAvailableServiceRequests] Worker profile loaded: skills=[\"Plumbing\",\"Bathroom Plumbing\",\"Pipe Installation\",\"Electrical Work\",\"House Cleaning\",\"Carpentry\",\"Exterior Painting\",\"Masonry\",\"Welding\"], occupation=","timestamp":"2026-01-14T17:07:25.858Z"}
{"level":"info","message":"Querying service requests for provider 69673ec29b63259c6df8a040 with 9 patterns","timestamp":"2026-01-14T17:07:25.860Z"}
{"level":"info","message":"Found 3 total service requests for provider","timestamp":"2026-01-14T17:07:25.927Z"}
{"level":"info","message":"Recommended 3 of 3 matching requests to provider 69673ec29b63259c6df8a040","timestamp":"2026-01-14T17:07:25.987Z"}
{"level":"info","message":"[getAvailableServiceRequests] Recommendation engine returned 3 requests","timestamp":"2026-01-14T17:07:25.988Z"}
{"level":"info","message":"[getAvailableServiceRequests] User: 69673ec29b63259c6df8a040 (Jovann Rolluque), Role: Service Provider","timestamp":"2026-01-14T17:07:26.075Z"}
{"level":"info","message":"[getAvailableServiceRequests] Params: useRecommendations=true, limit=10000, page=1","timestamp":"2026-01-14T17:07:26.076Z"}
{"level":"info","message":"[getAvailableServiceRequests] shouldUseRecommendations=true","timestamp":"2026-01-14T17:07:26.077Z"}
{"level":"info","message":"[getAvailableServiceRequests] Worker profile loaded: skills=[\"Plumbing\",\"Bathroom Plumbing\",\"Pipe Installation\",\"Electrical Work\",\"House Cleaning\",\"Carpentry\",\"Exterior Painting\",\"Masonry\",\"Welding\"], occupation=","timestamp":"2026-01-14T17:07:26.104Z"}
{"level":"info","message":"Querying service requests for provider 69673ec29b63259c6df8a040 with 9 patterns","timestamp":"2026-01-14T17:07:26.106Z"}
{"level":"info","message":"Found 3 total service requests for provider","timestamp":"2026-01-14T17:07:26.174Z"}
{"level":"info","message":"Recommended 3 of 3 matching requests to provider 69673ec29b63259c6df8a040","timestamp":"2026-01-14T17:07:26.207Z"}
{"level":"info","message":"[getAvailableServiceRequests] Recommendation engine returned 3 requests","timestamp":"2026-01-14T17:07:26.208Z"}
{"context":{},"level":"error","message":"Request Error ENOENT: no such file or directory, open 'C:\\Users\\Admin\\Desktop\\skillconnect4b410\\uploads\\proof_1768410491008_140927_584418927_714194397902159_5696991004274063287_n.jpg'","method":"POST","stack":"Error: ENOENT: no such file or directory, open 'C:\\Users\\Admin\\Desktop\\skillconnect4b410\\uploads\\proof_1768410491008_140927_584418927_714194397902159_5696991004274063287_n.jpg'","statusCode":500,"timestamp":"2026-01-14T17:08:11.013Z","url":"/api/v1/user/booking/6967c84025bd7952b7f99975/upload-proof","userId":"69673ec29b63259c6df8a040"}
{"context":{},"level":"error","message":"Request Error ENOENT: no such file or directory, open 'C:\\Users\\Admin\\Desktop\\skillconnect4b410\\uploads\\proof_1768410492354_946023_584418927_714194397902159_5696991004274063287_n.jpg'","method":"POST","stack":"Error: ENOENT: no such file or directory, open 'C:\\Users\\Admin\\Desktop\\skillconnect4b410\\uploads\\proof_1768410492354_946023_584418927_714194397902159_5696991004274063287_n.jpg'","statusCode":500,"timestamp":"2026-01-14T17:08:12.355Z","url":"/api/v1/user/booking/6967c84025bd7952b7f99975/upload-proof","userId":"69673ec29b63259c6df8a040"}
{"level":"info","message":"✅ Database connected successfully","timestamp":"2026-01-14T17:09:34.425Z"}
{"level":"info","message":"Email queue initialized - emails will be sent directly","timestamp":"2026-01-14T17:09:34.428Z"}
{"level":"info","message":"Server is running on port 4000","timestamp":"2026-01-14T17:09:34.498Z"}
{"level":"info","message":"Client Connected: utH0MC9LQo5QLy3qAAAB, User: 69673ec29b63259c6df8a040","timestamp":"2026-01-14T17:09:34.796Z"}
{"context":{},"level":"error","message":"Request Error ENOENT: no such file or directory, open 'C:\\Users\\Admin\\Desktop\\skillconnect4b410\\uploads\\proof_1768410605390_479100_584418927_714194397902159_5696991004274063287_n.jpg'","method":"POST","stack":"Error: ENOENT: no such file or directory, open 'C:\\Users\\Admin\\Desktop\\skillconnect4b410\\uploads\\proof_1768410605390_479100_584418927_714194397902159_5696991004274063287_n.jpg'","statusCode":500,"timestamp":"2026-01-14T17:10:05.397Z","url":"/api/v1/user/booking/6967c84025bd7952b7f99975/upload-proof","userId":"69673ec29b63259c6df8a040"}
{"context":{},"level":"error","message":"Request Error ENOENT: no such file or directory, open 'C:\\Users\\Admin\\Desktop\\skillconnect4b410\\uploads\\proof_1768411191496_710239_584418927_714194397902159_5696991004274063287_n.jpg'","method":"POST","stack":"Error: ENOENT: no such file or directory, open 'C:\\Users\\Admin\\Desktop\\skillconnect4b410\\uploads\\proof_1768411191496_710239_584418927_714194397902159_5696991004274063287_n.jpg'","statusCode":500,"timestamp":"2026-01-14T17:19:51.513Z","url":"/api/v1/user/booking/6967c84025bd7952b7f99975/upload-proof","userId":"69673ec29b63259c6df8a040"}
{"level":"info","message":"✅ Database connected successfully","timestamp":"2026-01-14T17:20:49.632Z"}
{"level":"info","message":"Email queue initialized - emails will be sent directly","timestamp":"2026-01-14T17:20:49.660Z"}
{"level":"info","message":"Server is running on port 4000","timestamp":"2026-01-14T17:20:49.807Z"}
{"level":"info","message":"Client Connected: dC7L1DniZCD66tlAAAAB, User: 69673ec29b63259c6df8a040","timestamp":"2026-01-14T17:20:50.171Z"}
{"context":{},"level":"error","message":"Request Error User validation failed: serviceTypes: Service providers must select at least one service type","method":"POST","stack":"ValidationError: User validation failed: serviceTypes: Service providers must select at least one service type\n    at Document.invalidate (C:\\Users\\Admin\\Desktop\\skillconnect4b410\\backend\\node_modules\\mongoose\\lib\\document.js:3373:32)\n    at C:\\Users\\Admin\\Desktop\\skillconnect4b410\\backend\\node_modules\\mongoose\\lib\\document.js:3134:17\n    at C:\\Users\\Admin\\Desktop\\skillconnect4b410\\backend\\node_modules\\mongoose\\lib\\schemaType.js:1446:9\n    at process.processTicksAndRejections (node:internal/process/task_queues:77:11)","statusCode":500,"timestamp":"2026-01-14T17:21:10.480Z","url":"/api/v1/user/booking/6967c84025bd7952b7f99975/upload-proof","userId":"69673ec29b63259c6df8a040"}
{"level":"info","message":"✅ Database connected successfully","timestamp":"2026-01-14T17:21:39.777Z"}
{"level":"info","message":"Email queue initialized - emails will be sent directly","timestamp":"2026-01-14T17:21:39.781Z"}
{"level":"info","message":"Server is running on port 4000","timestamp":"2026-01-14T17:21:39.934Z"}
{"level":"info","message":"Client Connected: 6ccChi9Ml_GDQBLXAAAB, User: 69673ec29b63259c6df8a040","timestamp":"2026-01-14T17:21:43.863Z"}
{"level":"info","message":"✅ Database connected successfully","timestamp":"2026-01-14T17:22:20.363Z"}
{"level":"info","message":"Email queue initialized - emails will be sent directly","timestamp":"2026-01-14T17:22:20.375Z"}
{"level":"info","message":"Server is running on port 4000","timestamp":"2026-01-14T17:22:21.832Z"}
{"level":"info","message":"Client Connected: 09l2mV7ZXfAhoUnXAAAB, User: 69673ec29b63259c6df8a040","timestamp":"2026-01-14T17:22:22.452Z"}
{"level":"info","message":"✅ Database connected successfully","timestamp":"2026-01-14T17:23:16.933Z"}
{"level":"info","message":"Email queue initialized - emails will be sent directly","timestamp":"2026-01-14T17:23:16.936Z"}
{"level":"info","message":"Server is running on port 4000","timestamp":"2026-01-14T17:23:17.127Z"}
{"level":"info","message":"Client Connected: JD6cptrRr8tp97sgAAAB, User: 69673ec29b63259c6df8a040","timestamp":"2026-01-14T17:23:17.629Z"}
{"context":{},"level":"error","message":"Request Error Can only upload proof of work for bookings that are in progress","method":"POST","stack":"Error: Can only upload proof of work for bookings that are in progress\n    at file:///C:/Users/Admin/Desktop/skillconnect4b410/backend/controllers/userFlowController.js:205:17\n    at process.processTicksAndRejections (node:internal/process/task_queues:95:5)","statusCode":400,"timestamp":"2026-01-14T17:38:22.265Z","url":"/api/v1/user/booking/6967c84025bd7952b7f99975/upload-proof","userId":"69673ec29b63259c6df8a040"}
{"level":"info","message":"Client Connected: Mj6Ax1-KeEd1RJvWAAAE, User: 69673ec29b63259c6df8a040","timestamp":"2026-01-14T17:38:25.382Z"}
{"level":"info","message":"[getAvailableServiceRequests] User: 69673ec29b63259c6df8a040 (Jovann Rolluque), Role: Service Provider","timestamp":"2026-01-14T17:38:25.540Z"}
{"level":"info","message":"[getAvailableServiceRequests] Params: useRecommendations=true, limit=10000, page=1","timestamp":"2026-01-14T17:38:25.543Z"}
{"level":"info","message":"[getAvailableServiceRequests] shouldUseRecommendations=true","timestamp":"2026-01-14T17:38:25.545Z"}
{"level":"info","message":"[getAvailableServiceRequests] Worker profile loaded: skills=[\"Plumbing\",\"Bathroom Plumbing\",\"Pipe Installation\",\"Electrical Work\",\"House Cleaning\",\"Carpentry\",\"Exterior Painting\",\"Masonry\",\"Welding\"], occupation=","timestamp":"2026-01-14T17:38:25.592Z"}
{"level":"info","message":"Querying service requests for provider 69673ec29b63259c6df8a040 with 9 patterns","timestamp":"2026-01-14T17:38:25.594Z"}
{"level":"info","message":"Found 3 total service requests for provider","timestamp":"2026-01-14T17:38:25.706Z"}
{"level":"info","message":"Recommended 3 of 3 matching requests to provider 69673ec29b63259c6df8a040","timestamp":"2026-01-14T17:38:25.778Z"}
{"level":"info","message":"[getAvailableServiceRequests] Recommendation engine returned 3 requests","timestamp":"2026-01-14T17:38:25.779Z"}
{"level":"info","message":"[getAvailableServiceRequests] User: 69673ec29b63259c6df8a040 (Jovann Rolluque), Role: Service Provider","timestamp":"2026-01-14T17:38:25.908Z"}
{"level":"info","message":"[getAvailableServiceRequests] Params: useRecommendations=true, limit=10000, page=1","timestamp":"2026-01-14T17:38:25.909Z"}
{"level":"info","message":"[getAvailableServiceRequests] shouldUseRecommendations=true","timestamp":"2026-01-14T17:38:25.910Z"}
{"level":"info","message":"[getAvailableServiceRequests] Worker profile loaded: skills=[\"Plumbing\",\"Bathroom Plumbing\",\"Pipe Installation\",\"Electrical Work\",\"House Cleaning\",\"Carpentry\",\"Exterior Painting\",\"Masonry\",\"Welding\"], occupation=","timestamp":"2026-01-14T17:38:25.939Z"}
{"level":"info","message":"Querying service requests for provider 69673ec29b63259c6df8a040 with 9 patterns","timestamp":"2026-01-14T17:38:25.940Z"}
{"level":"info","message":"Found 3 total service requests for provider","timestamp":"2026-01-14T17:38:25.978Z"}
{"level":"info","message":"Recommended 3 of 3 matching requests to provider 69673ec29b63259c6df8a040","timestamp":"2026-01-14T17:38:26.010Z"}
{"level":"info","message":"[getAvailableServiceRequests] Recommendation engine returned 3 requests","timestamp":"2026-01-14T17:38:26.012Z"}
{"context":{},"level":"error","message":"Request Error User validation failed: serviceTypes: Service providers must select at least one service type","method":"POST","stack":"ValidationError: User validation failed: serviceTypes: Service providers must select at least one service type\n    at Document.invalidate (C:\\Users\\Admin\\Desktop\\skillconnect4b410\\backend\\node_modules\\mongoose\\lib\\document.js:3373:32)\n    at C:\\Users\\Admin\\Desktop\\skillconnect4b410\\backend\\node_modules\\mongoose\\lib\\document.js:3134:17\n    at C:\\Users\\Admin\\Desktop\\skillconnect4b410\\backend\\node_modules\\mongoose\\lib\\schemaType.js:1446:9\n    at process.processTicksAndRejections (node:internal/process/task_queues:77:11)","statusCode":500,"timestamp":"2026-01-14T17:38:40.266Z","url":"/api/v1/user/booking/69678a6fcfca3f1bcce46068/upload-proof","userId":"69673ec29b63259c6df8a040"}
{"level":"info","message":"✅ Database connected successfully","timestamp":"2026-01-14T17:47:53.339Z"}
{"level":"info","message":"Email queue initialized - emails will be sent directly","timestamp":"2026-01-14T17:47:53.341Z"}
{"level":"info","message":"Server is running on port 4000","timestamp":"2026-01-14T17:47:53.442Z"}
{"level":"info","message":"Client Connected: OA-GFseIaKYTFgBpAAAB, User: 69673ec29b63259c6df8a040","timestamp":"2026-01-14T17:47:54.809Z"}
{"level":"info","message":"Client Connected: 2DaFn_kEf-1ID5fkAAAE, User: 69673ec29b63259c6df8a040","timestamp":"2026-01-14T18:07:04.519Z"}
{"level":"info","message":"[getAvailableServiceRequests] User: 69673ec29b63259c6df8a040 (Jovann Rolluque), Role: Service Provider","timestamp":"2026-01-14T18:07:04.755Z"}
{"level":"info","message":"[getAvailableServiceRequests] Params: useRecommendations=true, limit=10000, page=1","timestamp":"2026-01-14T18:07:04.757Z"}
{"level":"info","message":"[getAvailableServiceRequests] shouldUseRecommendations=true","timestamp":"2026-01-14T18:07:04.758Z"}
{"level":"info","message":"[getAvailableServiceRequests] Worker profile loaded: skills=[\"Plumbing\",\"Bathroom Plumbing\",\"Pipe Installation\",\"Electrical Work\",\"House Cleaning\",\"Carpentry\",\"Exterior Painting\",\"Masonry\",\"Welding\"], occupation=","timestamp":"2026-01-14T18:07:04.816Z"}
{"level":"info","message":"Querying service requests for provider 69673ec29b63259c6df8a040 with 9 patterns","timestamp":"2026-01-14T18:07:04.822Z"}
{"level":"info","message":"Found 3 total service requests for provider","timestamp":"2026-01-14T18:07:04.889Z"}
{"level":"info","message":"Recommended 3 of 3 matching requests to provider 69673ec29b63259c6df8a040","timestamp":"2026-01-14T18:07:04.989Z"}
{"level":"info","message":"[getAvailableServiceRequests] Recommendation engine returned 3 requests","timestamp":"2026-01-14T18:07:04.991Z"}
{"level":"info","message":"[getAvailableServiceRequests] User: 69673ec29b63259c6df8a040 (Jovann Rolluque), Role: Service Provider","timestamp":"2026-01-14T18:07:05.153Z"}
{"level":"info","message":"[getAvailableServiceRequests] Params: useRecommendations=true, limit=10000, page=1","timestamp":"2026-01-14T18:07:05.155Z"}
{"level":"info","message":"[getAvailableServiceRequests] shouldUseRecommendations=true","timestamp":"2026-01-14T18:07:05.158Z"}
{"level":"info","message":"[getAvailableServiceRequests] Worker profile loaded: skills=[\"Plumbing\",\"Bathroom Plumbing\",\"Pipe Installation\",\"Electrical Work\",\"House Cleaning\",\"Carpentry\",\"Exterior Painting\",\"Masonry\",\"Welding\"], occupation=","timestamp":"2026-01-14T18:07:05.216Z"}
{"level":"info","message":"Querying service requests for provider 69673ec29b63259c6df8a040 with 9 patterns","timestamp":"2026-01-14T18:07:05.220Z"}
{"level":"info","message":"Found 3 total service requests for provider","timestamp":"2026-01-14T18:07:05.251Z"}
{"level":"info","message":"Recommended 3 of 3 matching requests to provider 69673ec29b63259c6df8a040","timestamp":"2026-01-14T18:07:05.281Z"}
{"level":"info","message":"[getAvailableServiceRequests] Recommendation engine returned 3 requests","timestamp":"2026-01-14T18:07:05.282Z"}
{"level":"info","message":"Client Connected: VEIjbJBVNqkKeG9ZAAAH, User: 69673ec29b63259c6df8a040","timestamp":"2026-01-14T18:10:32.732Z"}
{"level":"info","message":"[getAvailableServiceRequests] User: 69673ec29b63259c6df8a040 (Jovann Rolluque), Role: Service Provider","timestamp":"2026-01-14T18:10:32.842Z"}
{"level":"info","message":"[getAvailableServiceRequests] Params: useRecommendations=true, limit=10000, page=1","timestamp":"2026-01-14T18:10:32.844Z"}
{"level":"info","message":"[getAvailableServiceRequests] shouldUseRecommendations=true","timestamp":"2026-01-14T18:10:32.845Z"}
{"level":"info","message":"[getAvailableServiceRequests] Worker profile loaded: skills=[\"Plumbing\",\"Bathroom Plumbing\",\"Pipe Installation\",\"Electrical Work\",\"House Cleaning\",\"Carpentry\",\"Exterior Painting\",\"Masonry\",\"Welding\"], occupation=","timestamp":"2026-01-14T18:10:32.869Z"}
{"level":"info","message":"Querying service requests for provider 69673ec29b63259c6df8a040 with 9 patterns","timestamp":"2026-01-14T18:10:32.871Z"}
{"level":"info","message":"Found 3 total service requests for provider","timestamp":"2026-01-14T18:10:32.931Z"}
{"level":"info","message":"Recommended 3 of 3 matching requests to provider 69673ec29b63259c6df8a040","timestamp":"2026-01-14T18:10:33.026Z"}
{"level":"info","message":"[getAvailableServiceRequests] Recommendation engine returned 3 requests","timestamp":"2026-01-14T18:10:33.027Z"}
{"level":"info","message":"[getAvailableServiceRequests] User: 69673ec29b63259c6df8a040 (Jovann Rolluque), Role: Service Provider","timestamp":"2026-01-14T18:10:33.164Z"}
{"level":"info","message":"[getAvailableServiceRequests] Params: useRecommendations=true, limit=10000, page=1","timestamp":"2026-01-14T18:10:33.166Z"}
{"level":"info","message":"[getAvailableServiceRequests] shouldUseRecommendations=true","timestamp":"2026-01-14T18:10:33.174Z"}
{"level":"info","message":"[getAvailableServiceRequests] Worker profile loaded: skills=[\"Plumbing\",\"Bathroom Plumbing\",\"Pipe Installation\",\"Electrical Work\",\"House Cleaning\",\"Carpentry\",\"Exterior Painting\",\"Masonry\",\"Welding\"], occupation=","timestamp":"2026-01-14T18:10:33.278Z"}
{"level":"info","message":"Querying service requests for provider 69673ec29b63259c6df8a040 with 9 patterns","timestamp":"2026-01-14T18:10:33.280Z"}
{"level":"info","message":"Found 3 total service requests for provider","timestamp":"2026-01-14T18:10:33.342Z"}
{"level":"info","message":"Recommended 3 of 3 matching requests to provider 69673ec29b63259c6df8a040","timestamp":"2026-01-14T18:10:33.368Z"}
{"level":"info","message":"[getAvailableServiceRequests] Recommendation engine returned 3 requests","timestamp":"2026-01-14T18:10:33.369Z"}
{"level":"info","message":"Client Connected: 2eg6NYkgDpMBJe9aAAAJ, User: 6967516ca27f4091a38fdc6e","timestamp":"2026-01-14T18:10:42.828Z"}
{"level":"info","message":"Client Connected: 3oxBjq_2iTMI8cunAAAM, User: 6967516ca27f4091a38fdc6e","timestamp":"2026-01-14T18:24:32.255Z"}
{"level":"info","message":"Client Connected: JIJC6doF-uqSz4I1AAAP, User: 6967516ca27f4091a38fdc6e","timestamp":"2026-01-14T18:38:28.604Z"}
{"level":"info","message":"Client Connected: D7SdS19LbXLNQc1MAAAS, User: 6967516ca27f4091a38fdc6e","timestamp":"2026-01-14T18:41:03.252Z"}
{"level":"info","message":"Client Connected: rJJ39M1EXjA8DtaAAAAV, User: 6967516ca27f4091a38fdc6e","timestamp":"2026-01-14T18:41:13.647Z"}
{"level":"info","message":"Client Connected: mIrn5K9iDWa8ut_wAAAY, User: 6967516ca27f4091a38fdc6e","timestamp":"2026-01-14T18:49:13.849Z"}
{"level":"info","message":"Client Connected: zIMI1UKQW5JSWbeDAAAa, User: 6967516ca27f4091a38fdc6e","timestamp":"2026-01-14T19:01:11.604Z"}
{"level":"info","message":"✅ Database connected successfully","timestamp":"2026-01-14T19:06:01.404Z"}
{"level":"info","message":"Email queue initialized - emails will be sent directly","timestamp":"2026-01-14T19:06:01.407Z"}
{"level":"info","message":"Server is running on port 4000","timestamp":"2026-01-14T19:06:01.500Z"}
{"level":"info","message":"Client Connected: ys572LSrF6XFLpWmAAAB, User: 6967516ca27f4091a38fdc6e","timestamp":"2026-01-14T19:06:05.345Z"}
{"level":"info","message":"Client Connected: uvy5HIcSW7Q5dXBzAAAE, User: 6967516ca27f4091a38fdc6e","timestamp":"2026-01-14T19:06:51.428Z"}
{"level":"info","message":"✅ Database connected successfully","timestamp":"2026-01-14T19:09:34.313Z"}
{"level":"info","message":"Email queue initialized - emails will be sent directly","timestamp":"2026-01-14T19:09:34.316Z"}
{"level":"info","message":"Server is running on port 4000","timestamp":"2026-01-14T19:09:34.379Z"}
{"level":"info","message":"Client Connected: 3tIRRvf423ibhSDCAAAB, User: 6967516ca27f4091a38fdc6e","timestamp":"2026-01-14T19:09:37.923Z"}
{"level":"info","message":"✅ Database connected successfully","timestamp":"2026-01-14T19:10:29.479Z"}
{"level":"info","message":"Email queue initialized - emails will be sent directly","timestamp":"2026-01-14T19:10:29.506Z"}
{"level":"info","message":"Server is running on port 4000","timestamp":"2026-01-14T19:10:29.651Z"}
{"level":"info","message":"✅ Database connected successfully","timestamp":"2026-01-14T19:10:35.389Z"}
{"level":"info","message":"Email queue initialized - emails will be sent directly","timestamp":"2026-01-14T19:10:35.391Z"}
{"level":"info","message":"Server is running on port 4000","timestamp":"2026-01-14T19:10:35.459Z"}
{"level":"info","message":"Client Connected: E6NPcHBaMOuKM7onAAAB, User: 6967516ca27f4091a38fdc6e","timestamp":"2026-01-14T19:10:38.281Z"}
{"level":"info","message":"✅ Database connected successfully","timestamp":"2026-01-14T19:14:52.637Z"}
{"level":"info","message":"Email queue initialized - emails will be sent directly","timestamp":"2026-01-14T19:14:52.641Z"}
{"level":"info","message":"Server is running on port 4000","timestamp":"2026-01-14T19:14:52.735Z"}
{"level":"info","message":"✅ Database connected successfully","timestamp":"2026-01-14T19:15:05.889Z"}
{"level":"info","message":"Email queue initialized - emails will be sent directly","timestamp":"2026-01-14T19:15:05.891Z"}
{"level":"info","message":"Server is running on port 4000","timestamp":"2026-01-14T19:15:06.004Z"}
{"level":"info","message":"Client Connected: evhpxs80KOQJbJqvAAAB, User: 6967516ca27f4091a38fdc6e","timestamp":"2026-01-14T19:15:09.289Z"}
{"level":"info","message":"Client Connected: 5Ev1LLwUnWq754OCAAAE, User: 6967516ca27f4091a38fdc6e","timestamp":"2026-01-14T19:19:28.246Z"}
{"level":"info","message":"Client Connected: 37THWfxP93aGW62aAAAH, User: 6967516ca27f4091a38fdc6e","timestamp":"2026-01-14T19:20:21.180Z"}
{"level":"info","message":"Client Connected: D5IzK-zowZGL76NNAAAJ, User: 6967516ca27f4091a38fdc6e","timestamp":"2026-01-14T19:20:27.167Z"}
{"level":"info","message":"Client Connected: jhfrNbC4F89f_K38AAAM, User: 6967516ca27f4091a38fdc6e","timestamp":"2026-01-14T19:23:48.410Z"}
{"level":"info","message":"Client Connected: 1fKZVmr5qNXl7WiyAAAP, User: 6967516ca27f4091a38fdc6e","timestamp":"2026-01-14T19:39:25.822Z"}
{"level":"info","message":"✅ Database connected successfully","timestamp":"2026-01-14T19:41:24.448Z"}
{"level":"info","message":"Email queue initialized - emails will be sent directly","timestamp":"2026-01-14T19:41:24.452Z"}
{"level":"info","message":"Server is running on port 4000","timestamp":"2026-01-14T19:41:24.528Z"}
{"level":"info","message":"Client Connected: at8cpvIeBkkVsJlrAAAB, User: 6967516ca27f4091a38fdc6e","timestamp":"2026-01-14T19:41:24.842Z"}
{"level":"info","message":"✅ Database connected successfully","timestamp":"2026-01-14T19:41:46.482Z"}
{"level":"info","message":"Email queue initialized - emails will be sent directly","timestamp":"2026-01-14T19:41:46.484Z"}
{"level":"info","message":"Server is running on port 4000","timestamp":"2026-01-14T19:41:46.582Z"}
{"level":"info","message":"Client Connected: dbEY8TR7O5BhxDtRAAAB, User: 6967516ca27f4091a38fdc6e","timestamp":"2026-01-14T19:41:48.288Z"}
{"level":"info","message":"✅ Database connected successfully","timestamp":"2026-01-14T19:42:01.156Z"}
{"level":"info","message":"Email queue initialized - emails will be sent directly","timestamp":"2026-01-14T19:42:01.159Z"}
{"level":"info","message":"Server is running on port 4000","timestamp":"2026-01-14T19:42:01.314Z"}
{"level":"info","message":"✅ Database connected successfully","timestamp":"2026-01-14T19:42:06.877Z"}
{"level":"info","message":"Email queue initialized - emails will be sent directly","timestamp":"2026-01-14T19:42:06.879Z"}
{"level":"info","message":"Server is running on port 4000","timestamp":"2026-01-14T19:42:06.946Z"}
{"level":"info","message":"Client Connected: 2cXNheKw4OMolK43AAAB, User: 6967516ca27f4091a38fdc6e","timestamp":"2026-01-14T19:42:10.384Z"}
{"level":"info","message":"Client Connected: DY10WtGMtArX9dlkAAAE, User: 6967516ca27f4091a38fdc6e","timestamp":"2026-01-14T19:42:31.855Z"}
{"context":{},"level":"error","message":"Request Error You have already reviewed this service request","method":"POST","stack":"Error: You have already reviewed this service request\n    at file:///C:/Users/Admin/Desktop/skillconnect4b410/backend/controllers/reviewController.js:122:17\n    at process.processTicksAndRejections (node:internal/process/task_queues:95:5)","statusCode":400,"timestamp":"2026-01-14T19:42:40.064Z","url":"/api/v1/review","userId":"6967516ca27f4091a38fdc6e"}
{"context":{},"level":"error","message":"Request Error You have already reviewed this service request","method":"POST","stack":"Error: You have already reviewed this service request\n    at file:///C:/Users/Admin/Desktop/skillconnect4b410/backend/controllers/reviewController.js:122:17\n    at process.processTicksAndRejections (node:internal/process/task_queues:95:5)","statusCode":400,"timestamp":"2026-01-14T19:43:42.206Z","url":"/api/v1/review","userId":"6967516ca27f4091a38fdc6e"}
{"context":{},"level":"error","message":"Request Error You have already reviewed this service request","method":"POST","stack":"Error: You have already reviewed this service request\n    at file:///C:/Users/Admin/Desktop/skillconnect4b410/backend/controllers/reviewController.js:122:17\n    at process.processTicksAndRejections (node:internal/process/task_queues:95:5)","statusCode":400,"timestamp":"2026-01-14T19:45:11.554Z","url":"/api/v1/review","userId":"6967516ca27f4091a38fdc6e"}
{"level":"info","message":"Client Connected: tqj_YbDuf-WGWSEXAAAH, User: 6967516ca27f4091a38fdc6e","timestamp":"2026-01-14T19:45:14.357Z"}
{"context":{},"level":"error","message":"Request Error You have already reviewed this service request","method":"POST","stack":"Error: You have already reviewed this service request\n    at file:///C:/Users/Admin/Desktop/skillconnect4b410/backend/controllers/reviewController.js:122:17\n    at process.processTicksAndRejections (node:internal/process/task_queues:95:5)","statusCode":400,"timestamp":"2026-01-14T19:45:20.171Z","url":"/api/v1/review","userId":"6967516ca27f4091a38fdc6e"}
{"level":"info","message":"✅ Database connected successfully","timestamp":"2026-01-14T19:47:00.575Z"}
{"level":"info","message":"Email queue initialized - emails will be sent directly","timestamp":"2026-01-14T19:47:00.577Z"}
{"level":"info","message":"Server is running on port 4000","timestamp":"2026-01-14T19:47:00.640Z"}
{"level":"info","message":"Client Connected: ZlwcsHqh7RJ_Ib7kAAAB, User: 6967516ca27f4091a38fdc6e","timestamp":"2026-01-14T19:47:03.324Z"}
{"level":"info","message":"✅ Database connected successfully","timestamp":"2026-01-14T19:47:24.211Z"}
{"level":"info","message":"Email queue initialized - emails will be sent directly","timestamp":"2026-01-14T19:47:24.215Z"}
{"level":"info","message":"Server is running on port 4000","timestamp":"2026-01-14T19:47:24.284Z"}
{"level":"info","message":"Client Connected: evPPK9OdhOviz-yyAAAB, User: 6967516ca27f4091a38fdc6e","timestamp":"2026-01-14T19:47:27.334Z"}
{"level":"info","message":"✅ Database connected successfully","timestamp":"2026-01-14T19:48:04.400Z"}
{"level":"info","message":"Email queue initialized - emails will be sent directly","timestamp":"2026-01-14T19:48:04.402Z"}
{"level":"info","message":"Server is running on port 4000","timestamp":"2026-01-14T19:48:04.466Z"}
{"level":"info","message":"Client Connected: 8cjQkG39QffS-56TAAAB, User: 6967516ca27f4091a38fdc6e","timestamp":"2026-01-14T19:48:05.370Z"}
{"level":"info","message":"Client Connected: hcFtNC8GnFSyB37qAAAE, User: 6967516ca27f4091a38fdc6e","timestamp":"2026-01-14T19:50:54.005Z"}
{"level":"info","message":"✅ Database connected successfully","timestamp":"2026-01-14T19:51:36.983Z"}
{"level":"info","message":"Email queue initialized - emails will be sent directly","timestamp":"2026-01-14T19:51:36.986Z"}
{"level":"info","message":"Server is running on port 4000","timestamp":"2026-01-14T19:51:37.049Z"}
{"level":"info","message":"Client Connected: ufKiGFf2mQiyLOXLAAAB, User: 6967516ca27f4091a38fdc6e","timestamp":"2026-01-14T19:51:38.471Z"}
{"level":"info","message":"Client Connected: elsC3V4r9YCLUXg9AAAE, User: 6967516ca27f4091a38fdc6e","timestamp":"2026-01-14T19:53:10.021Z"}
{"level":"info","message":"✅ Database connected successfully","timestamp":"2026-01-14T19:56:09.180Z"}
{"level":"info","message":"Email queue initialized - emails will be sent directly","timestamp":"2026-01-14T19:56:09.184Z"}
{"level":"info","message":"Server is running on port 4000","timestamp":"2026-01-14T19:56:09.261Z"}
{"level":"info","message":"Client Connected: cYNqBt-WFXB6ScuRAAAB, User: 6967516ca27f4091a38fdc6e","timestamp":"2026-01-14T19:56:09.342Z"}
{"level":"info","message":"✅ Database connected successfully","timestamp":"2026-01-14T19:56:20.110Z"}
{"level":"info","message":"Email queue initialized - emails will be sent directly","timestamp":"2026-01-14T19:56:20.113Z"}
{"level":"info","message":"Server is running on port 4000","timestamp":"2026-01-14T19:56:20.183Z"}
{"level":"info","message":"Client Connected: GSqyWXivj2Kn6XwNAAAB, User: 6967516ca27f4091a38fdc6e","timestamp":"2026-01-14T19:56:22.372Z"}
{"level":"info","message":"✅ Database connected successfully","timestamp":"2026-01-14T19:56:30.704Z"}
{"level":"info","message":"Email queue initialized - emails will be sent directly","timestamp":"2026-01-14T19:56:30.706Z"}
{"level":"info","message":"Server is running on port 4000","timestamp":"2026-01-14T19:56:30.771Z"}
{"level":"info","message":"Client Connected: 4Oau6a0iZUEUycxCAAAB, User: 6967516ca27f4091a38fdc6e","timestamp":"2026-01-14T19:56:34.385Z"}
{"level":"info","message":"Client Connected: pjhxWx14nKhVbDoQAAAE, User: 6967516ca27f4091a38fdc6e","timestamp":"2026-01-14T19:57:53.951Z"}
