{"level":"warn","message":"SENTRY_DSN not provided, Sentry will not be initialized","timestamp":"2026-01-13T08:42:43.898Z"}
{"level":"warn","message":"SENTRY_DSN not provided, Sentry will not be initialized","timestamp":"2026-01-13T08:42:59.261Z"}
{"code":"ECONNREFUSED","level":"error","message":"Redis connection error:","stack":"AggregateError [ECONNREFUSED]: \n    at internalConnectMultiple (node:net:1122:18)\n    at afterConnectMultiple (node:net:1689:7)","timestamp":"2026-01-13T08:42:59.598Z"}
{"level":"info","message":"Redis reconnecting...","timestamp":"2026-01-13T08:42:59.729Z"}
{"code":"ECONNREFUSED","level":"error","message":"Redis connection error:","stack":"AggregateError [ECONNREFUSED]: \n    at internalConnectMultiple (node:net:1122:18)\n    at afterConnectMultiple (node:net:1689:7)","timestamp":"2026-01-13T08:42:59.821Z"}
{"level":"info","message":"Redis reconnecting...","timestamp":"2026-01-13T08:43:00.216Z"}
{"code":"ECONNREFUSED","level":"error","message":"Redis connection error:","stack":"AggregateError [ECONNREFUSED]: \n    at internalConnectMultiple (node:net:1122:18)\n    at afterConnectMultiple (node:net:1689:7)","timestamp":"2026-01-13T08:43:00.352Z"}
{"level":"info","message":"Redis reconnecting...","timestamp":"2026-01-13T08:43:00.794Z"}
{"code":"ECONNREFUSED","level":"error","message":"Redis connection error:","stack":"AggregateError [ECONNREFUSED]: \n    at internalConnectMultiple (node:net:1122:18)\n    at afterConnectMultiple (node:net:1689:7)","timestamp":"2026-01-13T08:43:00.877Z"}
{"level":"info","message":"Redis reconnecting...","timestamp":"2026-01-13T08:43:01.476Z"}
{"code":"ECONNREFUSED","level":"error","message":"Redis connection error:","stack":"AggregateError [ECONNREFUSED]: \n    at internalConnectMultiple (node:net:1122:18)\n    at afterConnectMultiple (node:net:1689:7)","timestamp":"2026-01-13T08:43:01.585Z"}
{"level":"info","message":"Redis reconnecting...","timestamp":"2026-01-13T08:43:02.562Z"}
{"code":"ECONNREFUSED","level":"error","message":"Redis connection error:","stack":"AggregateError [ECONNREFUSED]: \n    at internalConnectMultiple (node:net:1122:18)\n    at afterConnectMultiple (node:net:1689:7)","timestamp":"2026-01-13T08:43:02.697Z"}
{"level":"info","message":"Redis reconnecting...","timestamp":"2026-01-13T08:43:04.582Z"}
{"code":"ECONNREFUSED","level":"error","message":"Redis connection error:","stack":"AggregateError [ECONNREFUSED]: \n    at internalConnectMultiple (node:net:1122:18)\n    at afterConnectMultiple (node:net:1689:7)","timestamp":"2026-01-13T08:43:04.667Z"}
{"level":"info","message":"Redis reconnecting...","timestamp":"2026-01-13T08:43:06.799Z"}
{"code":"ECONNREFUSED","level":"error","message":"Redis connection error:","stack":"AggregateError [ECONNREFUSED]: \n    at internalConnectMultiple (node:net:1122:18)\n    at afterConnectMultiple (node:net:1689:7)","timestamp":"2026-01-13T08:43:06.885Z"}
{"level":"info","message":"Redis reconnecting...","timestamp":"2026-01-13T08:43:09.087Z"}
{"code":"ECONNREFUSED","level":"error","message":"Redis connection error:","stack":"AggregateError [ECONNREFUSED]: \n    at internalConnectMultiple (node:net:1122:18)\n    at afterConnectMultiple (node:net:1689:7)","timestamp":"2026-01-13T08:43:09.209Z"}
{"level":"info","message":"Redis reconnecting...","timestamp":"2026-01-13T08:43:11.414Z"}
{"code":"ECONNREFUSED","level":"error","message":"Redis connection error:","stack":"AggregateError [ECONNREFUSED]: \n    at internalConnectMultiple (node:net:1122:18)\n    at afterConnectMultiple (node:net:1689:7)","timestamp":"2026-01-13T08:43:11.505Z"}
{"level":"info","message":"Redis reconnecting...","timestamp":"2026-01-13T08:43:13.692Z"}
{"code":"ECONNREFUSED","level":"error","message":"Redis connection error:","stack":"AggregateError [ECONNREFUSED]: \n    at internalConnectMultiple (node:net:1122:18)\n    at afterConnectMultiple (node:net:1689:7)","timestamp":"2026-01-13T08:43:13.804Z"}
{"level":"info","message":"Redis reconnecting...","timestamp":"2026-01-13T08:43:15.873Z"}
{"code":"ECONNREFUSED","level":"error","message":"Redis connection error:","stack":"AggregateError [ECONNREFUSED]: \n    at internalConnectMultiple (node:net:1122:18)\n    at afterConnectMultiple (node:net:1689:7)","timestamp":"2026-01-13T08:43:15.940Z"}
{"level":"info","message":"Redis reconnecting...","timestamp":"2026-01-13T08:43:18.193Z"}
{"code":"ECONNREFUSED","level":"error","message":"Redis connection error:","stack":"AggregateError [ECONNREFUSED]: \n    at internalConnectMultiple (node:net:1122:18)\n    at afterConnectMultiple (node:net:1689:7)","timestamp":"2026-01-13T08:43:18.225Z"}
{"level":"info","message":"Redis reconnecting...","timestamp":"2026-01-13T08:43:20.464Z"}
{"code":"ECONNREFUSED","level":"error","message":"Redis connection error:","stack":"AggregateError [ECONNREFUSED]: \n    at internalConnectMultiple (node:net:1122:18)\n    at afterConnectMultiple (node:net:1689:7)","timestamp":"2026-01-13T08:43:20.532Z"}
{"level":"info","message":"Redis reconnecting...","timestamp":"2026-01-13T08:43:22.712Z"}
{"code":"ECONNREFUSED","level":"error","message":"Redis connection error:","stack":"AggregateError [ECONNREFUSED]: \n    at internalConnectMultiple (node:net:1122:18)\n    at afterConnectMultiple (node:net:1689:7)","timestamp":"2026-01-13T08:43:22.826Z"}
{"level":"info","message":"Redis reconnecting...","timestamp":"2026-01-13T08:43:25.052Z"}
{"code":"ECONNREFUSED","level":"error","message":"Redis connection error:","stack":"AggregateError [ECONNREFUSED]: \n    at internalConnectMultiple (node:net:1122:18)\n    at afterConnectMultiple (node:net:1689:7)","timestamp":"2026-01-13T08:43:25.158Z"}
{"level":"warn","message":"SENTRY_DSN not provided, Sentry will not be initialized","timestamp":"2026-01-13T08:44:16.000Z"}
{"code":"ECONNREFUSED","level":"error","message":"Redis connection error:","stack":"AggregateError [ECONNREFUSED]: \n    at internalConnectMultiple (node:net:1122:18)\n    at afterConnectMultiple (node:net:1689:7)","timestamp":"2026-01-13T08:44:16.359Z"}
{"level":"info","message":"Redis reconnecting...","timestamp":"2026-01-13T08:44:16.623Z"}
{"code":"ECONNREFUSED","level":"error","message":"Redis connection error:","stack":"AggregateError [ECONNREFUSED]: \n    at internalConnectMultiple (node:net:1122:18)\n    at afterConnectMultiple (node:net:1689:7)","timestamp":"2026-01-13T08:44:16.727Z"}
{"level":"info","message":"Redis reconnecting...","timestamp":"2026-01-13T08:44:16.963Z"}
{"code":"ECONNREFUSED","level":"error","message":"Redis connection error:","stack":"AggregateError [ECONNREFUSED]: \n    at internalConnectMultiple (node:net:1122:18)\n    at afterConnectMultiple (node:net:1689:7)","timestamp":"2026-01-13T08:44:17.071Z"}
{"level":"info","message":"Redis reconnecting...","timestamp":"2026-01-13T08:44:17.507Z"}
{"code":"ECONNREFUSED","level":"error","message":"Redis connection error:","stack":"AggregateError [ECONNREFUSED]: \n    at internalConnectMultiple (node:net:1122:18)\n    at afterConnectMultiple (node:net:1689:7)","timestamp":"2026-01-13T08:44:17.733Z"}
{"level":"info","message":"Redis reconnecting...","timestamp":"2026-01-13T08:44:18.456Z"}
{"code":"ECONNREFUSED","level":"error","message":"Redis connection error:","stack":"AggregateError [ECONNREFUSED]: \n    at internalConnectMultiple (node:net:1122:18)\n    at afterConnectMultiple (node:net:1689:7)","timestamp":"2026-01-13T08:44:18.553Z"}
{"level":"info","message":"Redis reconnecting...","timestamp":"2026-01-13T08:44:19.618Z"}
{"code":"ECONNREFUSED","level":"error","message":"Redis connection error:","stack":"AggregateError [ECONNREFUSED]: \n    at internalConnectMultiple (node:net:1122:18)\n    at afterConnectMultiple (node:net:1689:7)","timestamp":"2026-01-13T08:44:19.729Z"}
{"level":"info","message":"Redis reconnecting...","timestamp":"2026-01-13T08:44:21.511Z"}
{"code":"ECONNREFUSED","level":"error","message":"Redis connection error:","stack":"AggregateError [ECONNREFUSED]: \n    at internalConnectMultiple (node:net:1122:18)\n    at afterConnectMultiple (node:net:1689:7)","timestamp":"2026-01-13T08:44:21.634Z"}
{"level":"info","message":"Redis reconnecting...","timestamp":"2026-01-13T08:44:23.797Z"}
{"code":"ECONNREFUSED","level":"error","message":"Redis connection error:","stack":"AggregateError [ECONNREFUSED]: \n    at internalConnectMultiple (node:net:1122:18)\n    at afterConnectMultiple (node:net:1689:7)","timestamp":"2026-01-13T08:44:23.911Z"}
{"level":"info","message":"Redis reconnecting...","timestamp":"2026-01-13T08:44:26.062Z"}
{"code":"ECONNREFUSED","level":"error","message":"Redis connection error:","stack":"AggregateError [ECONNREFUSED]: \n    at internalConnectMultiple (node:net:1122:18)\n    at afterConnectMultiple (node:net:1689:7)","timestamp":"2026-01-13T08:44:26.142Z"}
{"level":"info","message":"Redis reconnecting...","timestamp":"2026-01-13T08:44:28.379Z"}
{"code":"ECONNREFUSED","level":"error","message":"Redis connection error:","stack":"AggregateError [ECONNREFUSED]: \n    at internalConnectMultiple (node:net:1122:18)\n    at afterConnectMultiple (node:net:1689:7)","timestamp":"2026-01-13T08:44:28.470Z"}
{"level":"info","message":"Redis reconnecting...","timestamp":"2026-01-13T08:44:30.601Z"}
{"code":"ECONNREFUSED","level":"error","message":"Redis connection error:","stack":"AggregateError [ECONNREFUSED]: \n    at internalConnectMultiple (node:net:1122:18)\n    at afterConnectMultiple (node:net:1689:7)","timestamp":"2026-01-13T08:44:30.746Z"}
{"level":"info","message":"Redis reconnecting...","timestamp":"2026-01-13T08:44:32.948Z"}
{"code":"ECONNREFUSED","level":"error","message":"Redis connection error:","stack":"AggregateError [ECONNREFUSED]: \n    at internalConnectMultiple (node:net:1122:18)\n    at afterConnectMultiple (node:net:1689:7)","timestamp":"2026-01-13T08:44:33.026Z"}
{"level":"info","message":"Redis reconnecting...","timestamp":"2026-01-13T08:44:35.145Z"}
{"code":"ECONNREFUSED","level":"error","message":"Redis connection error:","stack":"AggregateError [ECONNREFUSED]: \n    at internalConnectMultiple (node:net:1122:18)\n    at afterConnectMultiple (node:net:1689:7)","timestamp":"2026-01-13T08:44:35.232Z"}
{"level":"info","message":"Redis reconnecting...","timestamp":"2026-01-13T08:44:37.479Z"}
{"code":"ECONNREFUSED","level":"error","message":"Redis connection error:","stack":"AggregateError [ECONNREFUSED]: \n    at internalConnectMultiple (node:net:1122:18)\n    at afterConnectMultiple (node:net:1689:7)","timestamp":"2026-01-13T08:44:37.532Z"}
{"level":"info","message":"Redis reconnecting...","timestamp":"2026-01-13T08:44:39.677Z"}
{"code":"ECONNREFUSED","level":"error","message":"Redis connection error:","stack":"AggregateError [ECONNREFUSED]: \n    at internalConnectMultiple (node:net:1122:18)\n    at afterConnectMultiple (node:net:1689:7)","timestamp":"2026-01-13T08:44:39.751Z"}
{"level":"info","message":"Redis reconnecting...","timestamp":"2026-01-13T08:44:41.997Z"}
{"code":"ECONNREFUSED","level":"error","message":"Redis connection error:","stack":"AggregateError [ECONNREFUSED]: \n    at internalConnectMultiple (node:net:1122:18)\n    at afterConnectMultiple (node:net:1689:7)","timestamp":"2026-01-13T08:44:42.087Z"}
{"level":"info","message":"Redis reconnecting...","timestamp":"2026-01-13T08:44:44.238Z"}
{"code":"ECONNREFUSED","level":"error","message":"Redis connection error:","stack":"AggregateError [ECONNREFUSED]: \n    at internalConnectMultiple (node:net:1122:18)\n    at afterConnectMultiple (node:net:1689:7)","timestamp":"2026-01-13T08:44:44.341Z"}
{"level":"info","message":"Redis reconnecting...","timestamp":"2026-01-13T08:44:46.615Z"}
{"code":"ECONNREFUSED","level":"error","message":"Redis connection error:","stack":"AggregateError [ECONNREFUSED]: \n    at internalConnectMultiple (node:net:1122:18)\n    at afterConnectMultiple (node:net:1689:7)","timestamp":"2026-01-13T08:44:46.660Z"}
{"level":"info","message":"Redis reconnecting...","timestamp":"2026-01-13T08:44:48.872Z"}
{"code":"ECONNREFUSED","level":"error","message":"Redis connection error:","stack":"AggregateError [ECONNREFUSED]: \n    at internalConnectMultiple (node:net:1122:18)\n    at afterConnectMultiple (node:net:1689:7)","timestamp":"2026-01-13T08:44:48.940Z"}
{"level":"info","message":"Redis reconnecting...","timestamp":"2026-01-13T08:44:51.082Z"}
{"code":"ECONNREFUSED","level":"error","message":"Redis connection error:","stack":"AggregateError [ECONNREFUSED]: \n    at internalConnectMultiple (node:net:1122:18)\n    at afterConnectMultiple (node:net:1689:7)","timestamp":"2026-01-13T08:44:51.217Z"}
{"level":"info","message":"Redis reconnecting...","timestamp":"2026-01-13T08:44:53.411Z"}
{"code":"ECONNREFUSED","level":"error","message":"Redis connection error:","stack":"AggregateError [ECONNREFUSED]: \n    at internalConnectMultiple (node:net:1122:18)\n    at afterConnectMultiple (node:net:1689:7)","timestamp":"2026-01-13T08:44:53.527Z"}
{"level":"info","message":"Redis reconnecting...","timestamp":"2026-01-13T08:44:55.734Z"}
{"code":"ECONNREFUSED","level":"error","message":"Redis connection error:","stack":"AggregateError [ECONNREFUSED]: \n    at internalConnectMultiple (node:net:1122:18)\n    at afterConnectMultiple (node:net:1689:7)","timestamp":"2026-01-13T08:44:55.754Z"}
{"level":"warn","message":"SENTRY_DSN not provided, Sentry will not be initialized","timestamp":"2026-01-13T08:53:54.315Z"}
{"level":"warn","message":"REDIS_URL not provided, Redis caching will be disabled","timestamp":"2026-01-13T08:53:54.547Z"}
{"level":"warn","message":"REDIS_URL not provided, email queue will be disabled","timestamp":"2026-01-13T08:53:54.563Z"}
{"level":"info","message":"Server running on port 4000","timestamp":"2026-01-13T08:53:54.812Z"}
{"level":"warn","message":"SENTRY_DSN not provided, Sentry will not be initialized","timestamp":"2026-01-13T08:58:11.701Z"}
{"level":"error","message":"Failed to start server: initializeRedis is not defined","stack":"ReferenceError: initializeRedis is not defined\n    at startServer (file:///C:/Users/Admin/Desktop/skillconnect4b410/backend/server.js:39:5)\n    at process.processTicksAndRejections (node:internal/process/task_queues:95:5)","timestamp":"2026-01-13T08:58:11.853Z"}
{"level":"warn","message":"SENTRY_DSN not provided, Sentry will not be initialized","timestamp":"2026-01-13T08:58:23.535Z"}
{"level":"warn","message":"REDIS_URL not provided, email queue will be disabled","timestamp":"2026-01-13T08:58:23.749Z"}
{"level":"info","message":"Server running on port 4000","timestamp":"2026-01-13T08:58:24.167Z"}
{"level":"warn","message":"SENTRY_DSN not provided, Sentry will not be initialized","timestamp":"2026-01-13T08:58:38.925Z"}
{"level":"warn","message":"REDIS_URL not provided, email queue will be disabled","timestamp":"2026-01-13T08:58:39.115Z"}
{"level":"info","message":"Server running on port 4000","timestamp":"2026-01-13T08:58:39.257Z"}
{"level":"warn","message":"SENTRY_DSN not provided, Sentry will not be initialized","timestamp":"2026-01-13T08:58:59.350Z"}
{"level":"warn","message":"REDIS_URL not provided, email queue will be disabled","timestamp":"2026-01-13T08:58:59.532Z"}
{"level":"info","message":"Server running on port 4000","timestamp":"2026-01-13T08:58:59.673Z"}
{"level":"warn","message":"SENTRY_DSN not provided, Sentry will not be initialized","timestamp":"2026-01-13T09:08:08.149Z"}
{"level":"warn","message":"REDIS_URL not provided, email queue will be disabled","timestamp":"2026-01-13T09:08:08.226Z"}
{"level":"info","message":"Server running on port 4000","timestamp":"2026-01-13T09:08:08.303Z"}
{"level":"warn","message":"SENTRY_DSN not provided, Sentry will not be initialized","timestamp":"2026-01-13T09:12:54.897Z"}
{"level":"warn","message":"REDIS_URL not provided, email queue will be disabled","timestamp":"2026-01-13T09:12:55.016Z"}
{"level":"info","message":"Server running on port 4000","timestamp":"2026-01-13T09:12:55.127Z"}
{"level":"warn","message":"SENTRY_DSN not provided, Sentry will not be initialized","timestamp":"2026-01-13T09:13:12.869Z"}
{"level":"warn","message":"REDIS_URL not provided, email queue will be disabled","timestamp":"2026-01-13T09:13:12.934Z"}
{"level":"info","message":"Server running on port 4000","timestamp":"2026-01-13T09:13:13.012Z"}
{"level":"warn","message":"SENTRY_DSN not provided, Sentry will not be initialized","timestamp":"2026-01-13T09:13:52.229Z"}
{"level":"warn","message":"REDIS_URL not provided, email queue will be disabled","timestamp":"2026-01-13T09:13:52.334Z"}
{"level":"info","message":"Server running on port 4000","timestamp":"2026-01-13T09:13:52.442Z"}
{"level":"warn","message":"SENTRY_DSN not provided, Sentry will not be initialized","timestamp":"2026-01-13T09:15:03.003Z"}
{"level":"warn","message":"REDIS_URL not provided, email queue will be disabled","timestamp":"2026-01-13T09:15:03.098Z"}
{"level":"info","message":"Server running on port 4000","timestamp":"2026-01-13T09:15:03.219Z"}
{"level":"warn","message":"REDIS_URL not provided, email queue will be disabled","timestamp":"2026-01-13T09:17:26.576Z"}
{"level":"info","message":"Server running on port 4000","timestamp":"2026-01-13T09:17:26.799Z"}
{"level":"warn","message":"REDIS_URL not provided, email queue will be disabled","timestamp":"2026-01-13T09:17:47.001Z"}
{"level":"info","message":"Server running on port 4000","timestamp":"2026-01-13T09:17:47.177Z"}
{"level":"info","message":"Server running on port 4000","timestamp":"2026-01-13T09:18:08.676Z"}
{"level":"info","message":"Client Connected: ssxUDN12s0Urh-_2AAAC, User: 69490fbf77874954bb9d2d24","timestamp":"2026-01-13T09:24:04.960Z"}
{"level":"info","message":"Client Connected: LLjW_sUXuu1bcHT1AAAF, User: 69490fbf77874954bb9d2d24","timestamp":"2026-01-13T09:24:24.871Z"}
{"level":"info","message":"Client Connected: 14i_m-rzlPS86uMFAAAK, User: 69490fbf77874954bb9d2d24","timestamp":"2026-01-13T09:30:52.268Z"}
{"level":"info","message":"Email queue disabled (Redis removed) - emails will be sent directly","timestamp":"2026-01-13T10:10:24.906Z"}
{"level":"error","message":"Failed to start server: Cannot read properties of undefined (reading 'split')","stack":"TypeError: Cannot read properties of undefined (reading 'split')\n    at startServer (file:///C:/Users/Admin/Desktop/skillconnect4b410/backend/server.js:57:74)\n    at process.processTicksAndRejections (node:internal/process/task_queues:95:5)","timestamp":"2026-01-13T10:10:25.312Z"}
{"level":"info","message":"Email queue disabled (Redis removed) - emails will be sent directly","timestamp":"2026-01-13T10:11:52.310Z"}
{"level":"info","message":"Email queue disabled (Redis removed) - emails will be sent directly","timestamp":"2026-01-13T10:14:38.711Z"}
{"level":"info","message":"Email queue initialized - emails will be sent directly","timestamp":"2026-01-13T10:18:41.973Z"}
{"level":"info","message":"Email queue initialized - emails will be sent directly","timestamp":"2026-01-13T10:20:12.688Z"}
{"level":"info","message":"Email queue initialized - emails will be sent directly","timestamp":"2026-01-13T10:21:56.177Z"}
{"level":"info","message":"Client Connected: _cjCMha6l9FlWv1jAAAC, User: 69490fbf77874954bb9d2d24","timestamp":"2026-01-13T10:22:23.949Z"}
{"level":"info","message":"Email queue initialized - emails will be sent directly","timestamp":"2026-01-13T10:23:11.456Z"}
{"level":"info","message":"Client Connected: wEX7Yd7SLF0hcnBTAAAB, User: 69490fbf77874954bb9d2d24","timestamp":"2026-01-13T10:23:14.218Z"}
{"level":"info","message":"Client Connected: 8xoGHd4GETWGKNuGAAAE, User: 69490fbf77874954bb9d2d24","timestamp":"2026-01-13T10:23:28.036Z"}
{"level":"info","message":"Client Connected: OXuXWj63td_lRY4ZAAAH, User: 69490fbf77874954bb9d2d24","timestamp":"2026-01-13T10:23:30.551Z"}
{"level":"info","message":"Email queue initialized - emails will be sent directly","timestamp":"2026-01-13T10:36:46.138Z"}
{"level":"info","message":"Email queue initialized - emails will be sent directly","timestamp":"2026-01-13T10:38:42.779Z"}
{"level":"info","message":"Email queue initialized - emails will be sent directly","timestamp":"2026-01-13T10:43:01.634Z"}
{"level":"info","message":"Email queue initialized - emails will be sent directly","timestamp":"2026-01-13T10:43:11.708Z"}
{"level":"info","message":"Email queue initialized - emails will be sent directly","timestamp":"2026-01-13T10:43:39.359Z"}
{"level":"info","message":"Email queue initialized - emails will be sent directly","timestamp":"2026-01-13T10:43:50.089Z"}
{"level":"info","message":"Client Connected: 6ENa_Bl8r7_zhSwmAAAB, User: 69490fbf77874954bb9d2d24","timestamp":"2026-01-13T10:43:53.062Z"}
{"level":"info","message":"Email queue initialized - emails will be sent directly","timestamp":"2026-01-13T11:51:50.263Z"}
{"level":"info","message":"Email queue initialized - emails will be sent directly","timestamp":"2026-01-13T11:54:46.423Z"}
{"level":"info","message":"Client Connected: If_HVcb9ZWazoIF1AAAB, User: 69490fbf77874954bb9d2d24","timestamp":"2026-01-13T11:54:47.427Z"}
{"level":"info","message":"Email queue initialized - emails will be sent directly","timestamp":"2026-01-13T11:54:58.323Z"}
{"level":"info","message":"Client Connected: e69uzio399q8bYY5AAAB, User: 69490fbf77874954bb9d2d24","timestamp":"2026-01-13T11:54:58.658Z"}
{"level":"info","message":"Email queue initialized - emails will be sent directly","timestamp":"2026-01-13T11:55:17.925Z"}
{"level":"info","message":"Client Connected: s1Q1j146xWHzyBrsAAAB, User: 69490fbf77874954bb9d2d24","timestamp":"2026-01-13T11:55:19.180Z"}
{"level":"info","message":"Email queue initialized - emails will be sent directly","timestamp":"2026-01-13T11:55:37.471Z"}
{"level":"info","message":"Server is running on port 4000","timestamp":"2026-01-13T11:55:37.563Z"}
{"level":"info","message":"Client Connected: 7FpFj_l3h9nk5X2rAAAB, User: 69490fbf77874954bb9d2d24","timestamp":"2026-01-13T11:55:39.212Z"}
{"level":"info","message":"Email queue initialized - emails will be sent directly","timestamp":"2026-01-13T11:56:00.803Z"}
{"level":"info","message":"Server is running on port 4000","timestamp":"2026-01-13T11:56:01.036Z"}
{"level":"info","message":"Client Connected: rWmuCMTPUI_Mh9IYAAAB, User: 69490fbf77874954bb9d2d24","timestamp":"2026-01-13T11:56:03.192Z"}
{"level":"info","message":"Email queue initialized - emails will be sent directly","timestamp":"2026-01-13T11:56:16.821Z"}
{"level":"info","message":"Server is running on port 4000","timestamp":"2026-01-13T11:56:16.960Z"}
{"level":"info","message":"Client Connected: FjDpPGseibP5X17GAAAB, User: 69490fbf77874954bb9d2d24","timestamp":"2026-01-13T11:56:20.229Z"}
{"level":"info","message":"Email queue initialized - emails will be sent directly","timestamp":"2026-01-13T11:56:42.816Z"}
{"level":"info","message":"Server is running on port 4000","timestamp":"2026-01-13T11:56:42.881Z"}
{"level":"info","message":"Client Connected: Kp9a0g7TlNqeYYFVAAAB, User: 69490fbf77874954bb9d2d24","timestamp":"2026-01-13T11:56:45.574Z"}
{"level":"info","message":"Email queue initialized - emails will be sent directly","timestamp":"2026-01-13T11:56:53.903Z"}
{"level":"info","message":"Server is running on port 4000","timestamp":"2026-01-13T11:56:53.969Z"}
{"level":"info","message":"Client Connected: dvZOIPQFsj2IiQmMAAAB, User: 69490fbf77874954bb9d2d24","timestamp":"2026-01-13T11:56:56.182Z"}
{"level":"info","message":"Email queue initialized - emails will be sent directly","timestamp":"2026-01-13T11:57:15.718Z"}
{"level":"info","message":"Server is running on port 4000","timestamp":"2026-01-13T11:57:15.784Z"}
{"level":"info","message":"Client Connected: aHhcvY-Ar-RWhTM9AAAB, User: 69490fbf77874954bb9d2d24","timestamp":"2026-01-13T11:57:18.205Z"}
{"level":"info","message":"Email queue initialized - emails will be sent directly","timestamp":"2026-01-13T11:57:32.912Z"}
{"level":"info","message":"Server is running on port 4000","timestamp":"2026-01-13T11:57:32.976Z"}
{"level":"info","message":"Client Connected: K_KdwaRu4FJRqzHyAAAB, User: 69490fbf77874954bb9d2d24","timestamp":"2026-01-13T11:57:35.195Z"}
{"level":"info","message":"Email queue initialized - emails will be sent directly","timestamp":"2026-01-13T11:57:49.652Z"}
{"level":"info","message":"Server is running on port 4000","timestamp":"2026-01-13T11:57:49.716Z"}
{"level":"info","message":"Client Connected: 41DeduLyD4vUkZATAAAB, User: 69490fbf77874954bb9d2d24","timestamp":"2026-01-13T11:57:53.201Z"}
{"level":"info","message":"Email queue initialized - emails will be sent directly","timestamp":"2026-01-13T11:58:01.063Z"}
{"level":"info","message":"Server is running on port 4000","timestamp":"2026-01-13T11:58:01.125Z"}
{"level":"info","message":"Client Connected: b0UrbfUHOrugcl4EAAAB, User: 69490fbf77874954bb9d2d24","timestamp":"2026-01-13T11:58:01.219Z"}
{"level":"info","message":"Email queue initialized - emails will be sent directly","timestamp":"2026-01-13T11:58:52.540Z"}
{"level":"info","message":"Server is running on port 4000","timestamp":"2026-01-13T11:58:52.636Z"}
{"level":"info","message":"Client Connected: 8QOUgmcJxqRLTMTUAAAB, User: 69490fbf77874954bb9d2d24","timestamp":"2026-01-13T11:58:52.734Z"}
{"level":"info","message":"✅ Database connected successfully","timestamp":"2026-01-13T11:59:14.047Z"}
{"level":"info","message":"Email queue initialized - emails will be sent directly","timestamp":"2026-01-13T11:59:14.049Z"}
{"level":"info","message":"Server is running on port 4000","timestamp":"2026-01-13T11:59:14.121Z"}
{"level":"info","message":"Client Connected: EtK1HSya0pBfRhL-AAAB, User: 69490fbf77874954bb9d2d24","timestamp":"2026-01-13T11:59:17.210Z"}
{"level":"info","message":"✅ Database connected successfully","timestamp":"2026-01-13T11:59:49.345Z"}
{"level":"info","message":"Email queue initialized - emails will be sent directly","timestamp":"2026-01-13T11:59:49.347Z"}
{"level":"info","message":"Server is running on port 4000","timestamp":"2026-01-13T11:59:49.434Z"}
{"level":"info","message":"Client Connected: LDggTPCsAPxeYnfrAAAB, User: 69490fbf77874954bb9d2d24","timestamp":"2026-01-13T11:59:49.698Z"}
{"level":"info","message":"✅ Database connected successfully","timestamp":"2026-01-13T12:00:00.048Z"}
{"level":"info","message":"Email queue initialized - emails will be sent directly","timestamp":"2026-01-13T12:00:00.050Z"}
{"level":"info","message":"Server is running on port 4000","timestamp":"2026-01-13T12:00:00.117Z"}
{"level":"info","message":"Client Connected: yyuwXH0YjJX9gsYPAAAB, User: 69490fbf77874954bb9d2d24","timestamp":"2026-01-13T12:00:02.184Z"}
{"level":"info","message":"✅ Database connected successfully","timestamp":"2026-01-13T12:00:18.435Z"}
{"level":"info","message":"Email queue initialized - emails will be sent directly","timestamp":"2026-01-13T12:00:18.437Z"}
{"level":"info","message":"Server is running on port 4000","timestamp":"2026-01-13T12:00:18.503Z"}
{"level":"info","message":"Client Connected: mzak3hZftzYwqNI3AAAB, User: 69490fbf77874954bb9d2d24","timestamp":"2026-01-13T12:00:20.654Z"}
{"level":"info","message":"Client Connected: 8MhgfiDa5qp5Wfv1AAAE, User: 69490fbf77874954bb9d2d24","timestamp":"2026-01-13T12:03:46.241Z"}
{"level":"info","message":"✅ Database connected successfully","timestamp":"2026-01-13T12:17:26.038Z"}
{"level":"info","message":"Email queue initialized - emails will be sent directly","timestamp":"2026-01-13T12:17:26.041Z"}
{"level":"info","message":"Server is running on port 4000","timestamp":"2026-01-13T12:17:26.260Z"}
{"level":"info","message":"Client Connected: yFbvOp4J_J4k8N5lAAAB, User: 69490fbf77874954bb9d2d24","timestamp":"2026-01-13T12:17:26.812Z"}
{"level":"info","message":"Client Connected: _iAJoD77O5fVO5N9AAAE, User: 69490fbf77874954bb9d2d24","timestamp":"2026-01-13T12:18:18.913Z"}
{"level":"info","message":"Client Connected: vsPJraLwjtpOfhvnAAAH, User: 69490fbf77874954bb9d2d24","timestamp":"2026-01-13T12:19:02.210Z"}
{"level":"info","message":"✅ Database connected successfully","timestamp":"2026-01-13T12:28:30.508Z"}
{"level":"info","message":"Email queue initialized - emails will be sent directly","timestamp":"2026-01-13T12:28:30.521Z"}
{"level":"info","message":"Server is running on port 4000","timestamp":"2026-01-13T12:28:30.695Z"}
{"level":"info","message":"Client Connected: -dqRFNL_Bk9f7UchAAAB, User: 69490fbf77874954bb9d2d24","timestamp":"2026-01-13T12:28:35.371Z"}
{"level":"info","message":"Client Connected: uHawsyIvcmtiQRlRAAAE, User: 69490fbf77874954bb9d2d24","timestamp":"2026-01-13T12:29:19.308Z"}
{"level":"info","message":"Client Connected: YbSCTfqMTMQcZCOsAAAH, User: 69490fbf77874954bb9d2d24","timestamp":"2026-01-13T12:32:30.810Z"}
{"level":"info","message":"Client Connected: uvqT2_rGATy14EW7AAAK, User: 69490fbf77874954bb9d2d24","timestamp":"2026-01-13T12:39:10.029Z"}
{"level":"info","message":"✅ Database connected successfully","timestamp":"2026-01-13T12:48:34.401Z"}
{"level":"info","message":"Email queue initialized - emails will be sent directly","timestamp":"2026-01-13T12:48:34.408Z"}
{"level":"info","message":"Server is running on port 4000","timestamp":"2026-01-13T12:48:34.499Z"}
{"level":"info","message":"Client Connected: zFPdwbFiKGi0ew0hAAAB, User: 69490fbf77874954bb9d2d24","timestamp":"2026-01-13T12:48:39.460Z"}
